{"level":"INFO","time":"2024/04/30 07:16:04.568819 +0000","caller":"disttae/logtail_consumer.go:746","msg":"[logtail-consumer] subscribe tbl[db: 272585, tbl: 272649] succeed"}
{"level":"INFO","time":"2024/04/30 07:16:04.913114 +0000","caller":"disttae/logtail_consumer.go:746","msg":"[logtail-consumer] subscribe tbl[db: 272585, tbl: 272658] succeed"}

Scope 1 (Magic: Merge, Receiver: [0]): [merge -> output]
  PreScopes: {
  Scope 1 (Magic: Normal, Receiver: []): [projection -> projection -> connect to MergeReceiver 0]
  DataSource: [],
}
PreScope 0 1 1

Scope 1 (Magic: Merge, Receiver: [1]): [merge -> output]
  PreScopes: {
  Scope 1 (Magic: Merge, Receiver: [0]): [merge order -> projection -> projection -> connect to MergeReceiver 1]
    PreScopes: {
    Scope 1 (Magic: Remote, Receiver: []): [restrict -> projection -> order -> connect to MergeReceiver 0]
    DataSource: mo_task.sys_async_task[task_id task_metadata_id task_metadata_executor task_metadata_context task_metadata_option task_parent_id task_status task_runner task_epoch last_heartbeat result_code error_msg create_at end_at],
  }
}
PreScope 0 1 0
PreScope 0 1 2
Before handleRuntimeFilter
Finish handleRuntimeFilter
TableScan Prepare
gc 90 @2043.516s 0%: 0.031+7.1+0.033 ms clock, 0.22+0.27/13/27+0.23 ms cpu, 250->251->132 MB, 272 MB goal, 0 MB stacks, 0 MB globals, 7 P
TableScan Free

Scope 1 (Magic: Merge, Receiver: [0]): [merge -> output]
  PreScopes: {
  Scope 1 (Magic: Remote, Receiver: []): [restrict -> projection -> projection -> connect to MergeReceiver 0]
  DataSource: mo_catalog.mo_mysql_compatibility_mode[account_id variable_name variable_value system_variables],
}
PreScope 0 1 2
Before handleRuntimeFilter
Finish handleRuntimeFilter
TableScan Prepare
TableScan Free

Scope 1 (Magic: Merge, Receiver: [0]): [merge -> output]
  PreScopes: {
  Scope 1 (Magic: Normal, Receiver: []): [projection -> projection -> connect to MergeReceiver 0]
  DataSource: [],
}
PreScope 0 1 1
{"level":"INFO","time":"2024/04/30 07:16:04.945088 +0000","name":"cn-service.frontend","caller":"frontend/routine_manager.go:490","msg":"mo accept connection, time cost of Created: 7.672806ms, Establish: 665.829µs, UpgradeTLS: 0s, Authenticate: 660.728µs, SendErrPacket: 0s, SendOKPacket: 21.029µs, CheckTenant: 0s, CheckUser: 0s, CheckRole: 0s, CheckDbName: 0s, InitGlobalSysVar: 626.415µs","uuid":"30373561-6337-3535-3039-646538333161","session_info":"connectionId 1201|10.158.9.44:60840|{account sys:01d7f82f-d20d-4e9a-adce-35afaaf07c0d: -- 0:0:0}|goRoutineId 38113|018f2ddc-52cd-7564-b35f-971fca08eb3a"}
{"level":"INFO","time":"2024/04/30 07:16:04.945331 +0000","name":"cn-service.frontend","caller":"frontend/routine.go:264","msg":"mo received first request","uuid":"30373561-6337-3535-3039-646538333161","session_info":"connectionId 1201|10.158.9.44:60840|{account sys:01d7f82f-d20d-4e9a-adce-35afaaf07c0d:moadmin -- 0:4294967295:0}|goRoutineId 38113|018f2ddc-52cd-7564-b35f-971fca08eb3a"}

Scope 1 (Magic: Merge, Receiver: [0]): [merge -> output]
  PreScopes: {
  Scope 1 (Magic: Normal, Receiver: []): [projection -> projection -> connect to MergeReceiver 0]
  DataSource: [],
}
PreScope 0 1 1

Scope 1 (Magic: Merge, Receiver: [1]): [merge -> output]
  PreScopes: {
  Scope 1 (Magic: Merge, Receiver: [0]): [merge order -> projection -> projection -> connect to MergeReceiver 1]
    PreScopes: {
    Scope 1 (Magic: Remote, Receiver: []): [restrict -> projection -> order -> connect to MergeReceiver 0]
    DataSource: mo_task.sys_async_task[task_id task_metadata_id task_metadata_executor task_metadata_context task_metadata_option task_parent_id task_status task_runner task_epoch last_heartbeat result_code error_msg create_at end_at],
  }
}
PreScope 0 1 0
PreScope 0 1 2
Before handleRuntimeFilter
Finish handleRuntimeFilter
TableScan Prepare
TableScan Free

Scope 1 (Magic: Merge, Receiver: [0]): [merge -> output]
  PreScopes: {
  Scope 1 (Magic: Remote, Receiver: []): [restrict -> projection -> projection -> connect to MergeReceiver 0]
  DataSource: mo_task.sys_cron_task[cron_task_id task_metadata_id task_metadata_executor task_metadata_context task_metadata_option cron_expr next_time trigger_times create_at update_at],
}
PreScope 0 1 2
Before handleRuntimeFilter
Finish handleRuntimeFilter
TableScan Prepare
TableScan Free
{"level":"INFO","time":"2024/04/30 07:16:04.950996 +0000","caller":"frontend/routine.go:342","msg":"set query status on the connection 1201"}
{"level":"INFO","time":"2024/04/30 07:16:05.352140 +0000","caller":"disttae/logtail_consumer.go:746","msg":"[logtail-consumer] subscribe tbl[db: 272585, tbl: 272651] succeed"}
{"level":"INFO","time":"2024/04/30 07:16:05.478284 +0000","caller":"disttae/logtail_consumer.go:746","msg":"[logtail-consumer] subscribe tbl[db: 272585, tbl: 272659] succeed"}

Scope 1 (Magic: Merge, Receiver: [0]): [merge -> output]
  PreScopes: {
  Scope 1 (Magic: Remote, Receiver: []): [restrict -> projection -> projection -> connect to MergeReceiver 0]
  DataSource: mo_catalog.mo_role_privs[role_id obj_type obj_id privilege_id privilege_level with_grant_option],
}
PreScope 0 1 2
Before handleRuntimeFilter
Finish handleRuntimeFilter
TableScan Prepare
TableScan Free
{"level":"WARN","time":"2024/04/30 07:16:05.615729 +0000","caller":"compile/compile.go:4318","msg":"read table measurement_history_data_sample ,workload 555 blocks among 2 nodes not balanced, max 372, min 184, cnlist: 10.158.9.57:6002 10.158.9.61:6002 "}
{"level":"WARN","time":"2024/04/30 07:16:05.616118 +0000","caller":"compile/compile.go:4318","msg":"read table __mo_index_secondary_018f2dc3-5a81-7613-b1f4-335a41f4de7f ,workload 554 blocks among 2 nodes not balanced, max 545, min 10, cnlist: 10.158.9.57:6002 10.158.9.61:6002 "}
{"level":"INFO","time":"2024/04/30 07:16:05.616362 +0000","name":"cn-service.frontend","caller":"frontend/mysql_cmd_executor.go:2585","msg":"time of Exec.Build : 1.048728037s","uuid":"30373561-6337-3535-3039-646538333161","session_info":"connectionId 1194|10.144.0.12:60501|{account sys:dump:moadmin -- 0:1:0}|goRoutineId 36357|018f2ddc-23af-7312-908e-02cddc483a09","session_id":"018f2ddc-23af-7312-908e-02cddc483a09","statement_id":"018f2ddc-5157-7ad5-b5d0-1844b4461650","txn_id":"018f2ddc51577aeea68281edc577f7be/Active/S:1714461364565748618-1"}

Scope 1 (Magic: Merge, Receiver: [16]): [merge -> output]
  PreScopes: {
  Scope 1 (Magic: Merge, Receiver: [14, 15]): [merge group -> projection -> projection -> connect to MergeReceiver 16]
    PreScopes: {
    Scope 1 (Magic: Remote, Receiver: [8, 9]): [join -> group -> connect to MergeReceiver 14]
      PreScopes: {
      Scope 1 (Magic: Remote, Receiver: [2, 3]): [unknown -> connect to MergeReceiver 8]
        PreScopes: {
        Scope 1 (Magic: Remote, Receiver: []): [restrict -> projection -> connect to MergeReceiver 2]
        DataSource: ucl360_v210.measurement_history_data_sample[measurement_data_sample_id measurement_data_id],
        Scope 2 (Magic: Merge, Receiver: [0, 1]): [merge -> dispatch to all of MergeReceiver [3]. cross-cn receiver info: [addr: 10.158.9.61:6002, uuid 018f2ddc-5570-797e-a4f8-61fcf0d468a5]]
          PreScopes: {
          Scope 1 (Magic: Remote, Receiver: []): [restrict -> projection -> connect to MergeReceiver 0]
          DataSource: ucl360_v210.__mo_index_secondary_018f2dc3-5a81-7613-b1f4-335a41f4de7f[__mo_index_idx_col __mo_index_pri_col],
          Scope 2 (Magic: Remote, Receiver: []): [restrict -> projection -> connect to MergeReceiver 1]
          DataSource: ucl360_v210.__mo_index_secondary_018f2dc3-5a81-7613-b1f4-335a41f4de7f[__mo_index_idx_col __mo_index_pri_col],
        }
      }
      Scope 2 (Magic: Merge, Receiver: [7]): [merge -> dispatch to all of MergeReceiver [9]. cross-cn receiver info: [addr: 10.158.9.61:6002, uuid 018f2ddc-5570-7a1d-8c4b-cc41d6aba875]]
        PreScopes: {
        Scope 1 (Magic: Remote, Receiver: [5, 6]): [unknown -> connect to MergeReceiver 7]
          PreScopes: {
          Scope 1 (Magic: Remote, Receiver: []): [restrict -> projection -> connect to MergeReceiver 5]
          DataSource: ucl360_v210.measurement_history_data[measurement_data_id measurement_item_id],
          Scope 2 (Magic: Merge, Receiver: [4]): [merge -> dispatch to all of MergeReceiver [6].]
            PreScopes: {
            Scope 1 (Magic: Remote, Receiver: []): [restrict -> projection -> connect to MergeReceiver 4]
            DataSource: ucl360_v210.__mo_index_secondary_018f2dc3-5a46-7754-acc0-f02893b9eecb[__mo_index_idx_col __mo_index_pri_col],
          }
        }
      }
    }
    Scope 2 (Magic: Remote, Receiver: [12, 13(018f2ddc-5570-7a1d-8c4b-cc41d6aba875)]): [join -> group -> connect to MergeReceiver 15]
      PreScopes: {
      Scope 1 (Magic: Remote, Receiver: [10, 11(018f2ddc-5570-797e-a4f8-61fcf0d468a5)]): [unknown -> connect to MergeReceiver 12]
        PreScopes: {
        Scope 1 (Magic: Remote, Receiver: []): [restrict -> projection -> connect to MergeReceiver 10]
        DataSource: ucl360_v210.measurement_history_data_sample[measurement_data_sample_id measurement_data_id],
      }
    }
  }
}
PreScope 0 1 0
PreScope 0 2 2
PreScope 1 2 2
Start JoinRun 8 1
8 2
Join Run 12
Mcpu 8 8
PreScope 0 12 0
PreScope 1 12 0
PreScope 2 12 0
PreScope 3 12 0
PreScope 4 12 0
PreScope 5 12 0
PreScope 6 12 0
PreScope 7 12 0
PreScope 8 12 2
PreScope 9 12 0
!!!!!  2 true
PreScope 10 12 0
PreScope 11 12 0
inner join prepare
inner join prepare
inner join prepare
inner join prepare
inner join prepare
inner join prepare
Start JoinRun 8 1
8 2
Join Run 12
Mcpu 8 8
PreScope 0 12 0
PreScope 1 12 0
PreScope 2 12 0
PreScope 3 12 0
PreScope 4 12 0
PreScope 5 12 0
PreScope 6 12 0
PreScope 7 12 0
PreScope 8 12 2
PreScope 9 12 0
!!!!!  2 false
PreScope 10 12 0
PreScope 11 12 0
index join prepare
index join prepare
index join Probe
index join Probe
index join prepare
index join prepare
index join prepare
Before handleRuntimeFilter
inner join prepare
index join Probe
inner join prepare
before indexbuild build
index join Probe
PreScope 0 1 2
Start JoinRun 1 1
PreScope 0 3 2
PreScope 1 3 0
PreScope 2 3 0
PreScope 0 2 2
index join prepare
index join Probe
Before handleRuntimeFilter
Before handleRuntimeFilter
PreScope 0 1 2
index join prepare
index join Probe
PreScope 1 2 2
Before handleRuntimeFilter
Finish handleRuntimeFilter
index join prepare
index join Probe
index join prepare
index join Probe
before indexbuild build
TableScan Prepare
index join Probe
gc 91 @2044.350s 0%: 0.091+14+0.061 ms clock, 0.63+0/20/27+0.42 ms cpu, 245->259->163 MB, 267 MB goal, 0 MB stacks, 0 MB globals, 7 P

Scope 1 (Magic: Merge, Receiver: [0]): [merge -> output]
  PreScopes: {
  Scope 1 (Magic: Normal, Receiver: []): [projection -> projection -> connect to MergeReceiver 0]
  DataSource: [],
}
PreScope 0 1 1

Scope 1 (Magic: Merge, Receiver: [0]): [merge -> output]
  PreScopes: {
  Scope 1 (Magic: Remote, Receiver: []): [restrict -> projection -> projection -> connect to MergeReceiver 0]
  DataSource: mo_catalog.mo_mysql_compatibility_mode[account_id variable_name variable_value system_variables],
}
PreScope 0 1 2
Before handleRuntimeFilter
Finish handleRuntimeFilter
TableScan Prepare
TableScan Free
{"level":"INFO","time":"2024/04/30 07:16:05.888013 +0000","name":"cn-service.frontend","caller":"frontend/routine_manager.go:490","msg":"mo accept connection, time cost of Created: 92.223µs, Establish: 951.744µs, UpgradeTLS: 0s, Authenticate: 946.064µs, SendErrPacket: 0s, SendOKPacket: 16.652µs, CheckTenant: 0s, CheckUser: 0s, CheckRole: 0s, CheckDbName: 0s, InitGlobalSysVar: 915.886µs","uuid":"30373561-6337-3535-3039-646538333161","session_info":"connectionId 1202|10.158.9.57:46796|{account sys:01d7f82f-d20d-4e9a-adce-35afaaf07c0d: -- 0:0:0}|goRoutineId 41905|018f2ddc-567e-77b1-99ea-859527bc85fa"}
{"level":"INFO","time":"2024/04/30 07:16:05.888096 +0000","name":"cn-service.frontend","caller":"frontend/routine.go:264","msg":"mo received first request","uuid":"30373561-6337-3535-3039-646538333161","session_info":"connectionId 1202|10.158.9.57:46796|{account sys:01d7f82f-d20d-4e9a-adce-35afaaf07c0d:moadmin -- 0:4294967295:0}|goRoutineId 41905|018f2ddc-567e-77b1-99ea-859527bc85fa"}

Scope 1 (Magic: Merge, Receiver: [1]): [merge -> output]
  PreScopes: {
  Scope 1 (Magic: Merge, Receiver: [0]): [merge top -> projection -> projection -> connect to MergeReceiver 1]
    PreScopes: {
    Scope 1 (Magic: Remote, Receiver: []): [restrict -> projection -> top -> connect to MergeReceiver 0]
    DataSource: mo_task.sys_async_task[task_id task_metadata_id task_metadata_executor task_metadata_context task_metadata_option task_parent_id task_status task_runner task_epoch last_heartbeat result_code error_msg create_at end_at],
  }
}
PreScope 0 1 0
PreScope 0 1 2
Before handleRuntimeFilter
Finish handleRuntimeFilter
TableScan Prepare
TableScan Free

Scope 1 (Magic: Merge, Receiver: [0]): [merge -> output]
  PreScopes: {
  Scope 1 (Magic: Normal, Receiver: []): [projection -> projection -> connect to MergeReceiver 0]
  DataSource: [],
}
PreScope 0 1 1

Scope 1 (Magic: Merge, Receiver: [1]): [merge -> delete]
  PreScopes: {
  Scope 1 (Magic: Merge, Receiver: [0]): [merge -> projection -> lockop -> connect to MergeReceiver 1]
}
PreScope 0 1 0

Scope 1 (Magic: Merge, Receiver: [0]): [merge -> dispatch to all of MergeReceiver [unknown, unknown, unknown, unknown, unknown, unknown].]
  PreScopes: {
  Scope 1 (Magic: Remote, Receiver: []): [restrict -> projection -> projection -> projection -> lockop -> connect to MergeReceiver 0]
  DataSource: mo_task.sys_async_task[task_id task_metadata_id task_metadata_executor task_metadata_context task_metadata_option task_parent_id task_status task_runner task_epoch last_heartbeat result_code error_msg create_at end_at __mo_rowid],
}
PreScope 0 1 2

Scope 1 (Magic: Merge, Receiver: [0]): [merge -> projection -> projection -> projection -> pre insert 2nd -> lockop -> projection -> insert]
Before handleRuntimeFilter

Scope 1 (Magic: Merge, Receiver: [1]): [merge -> delete]
  PreScopes: {
  Scope 1 (Magic: Merge, Receiver: [0]): [merge -> projection -> lockop -> connect to MergeReceiver 1]
}

Scope 1 (Magic: Merge, Receiver: [4]): [merge -> dispatch to all of MergeReceiver [unknown, unknown].]
  PreScopes: {
  Scope 1 (Magic: Remote, Receiver: [2, 3]): [join -> connect to MergeReceiver 4]
    PreScopes: {
    Scope 1 (Magic: Remote, Receiver: []): [restrict -> projection -> connect to MergeReceiver 2]
    DataSource: mo_task.__mo_index_secondary_018f2dbd-320f-7313-a169-15705eff9498[__mo_index_idx_col __mo_index_pri_col __mo_rowid],
    Scope 2 (Magic: Merge, Receiver: [1]): [merge -> dispatch to all of MergeReceiver [3].]
      PreScopes: {
      Scope 1 (Magic: Merge, Receiver: [0]): [merge -> projection -> connect to MergeReceiver 1]
    }
  }
}
Finish handleRuntimeFilter
PreScope 0 1 2

Scope 1 (Magic: Merge, Receiver: [1]): [merge -> delete]
  PreScopes: {
  Scope 1 (Magic: Merge, Receiver: [0]): [merge -> projection -> lockop -> connect to MergeReceiver 1]
}
PreScope 0 1 0
Start JoinRun 3 1

Scope 1 (Magic: Merge, Receiver: [1]): [merge -> delete]
  PreScopes: {
  Scope 1 (Magic: Merge, Receiver: [0]): [merge -> projection -> connect to MergeReceiver 1]
}

Scope 1 (Magic: Merge, Receiver: [0]): [merge -> projection -> projection -> projection -> pre insert 2nd -> lockop -> projection -> insert]
PreScope 0 1 0
TableScan Prepare

Scope 1 (Magic: Merge, Receiver: [4]): [merge -> dispatch to all of MergeReceiver [unknown, unknown].]
  PreScopes: {
  Scope 1 (Magic: Remote, Receiver: [2, 3]): [join -> connect to MergeReceiver 4]
    PreScopes: {
    Scope 1 (Magic: Remote, Receiver: []): [restrict -> projection -> connect to MergeReceiver 2]
    DataSource: mo_task.__mo_index_secondary_018f2dbd-3208-7608-bea8-b3f89d51df16[__mo_index_idx_col __mo_index_pri_col __mo_rowid],
    Scope 2 (Magic: Merge, Receiver: [1]): [merge -> dispatch to all of MergeReceiver [3].]
      PreScopes: {
      Scope 1 (Magic: Merge, Receiver: [0]): [merge -> projection -> connect to MergeReceiver 1]
    }
  }
}
PreScope 0 1 2
3 2
Join Run 7
PreScope 0 7 0
Start JoinRun 3 1
PreScope 1 7 0
PreScope 2 7 0
PreScope 3 7 2
PreScope 0 1 0
PreScope 4 7 0
PreScope 5 7 0
PreScope 6 7 0

Scope 1 (Magic: Merge, Receiver: [0]): [merge -> projection -> projection -> pre insert -> projection -> insert]
Before handleRuntimeFilter
PreScope 0 1 0

Scope 1 (Magic: Merge, Receiver: [4]): [merge -> dispatch to all of MergeReceiver [unknown, unknown].]
  PreScopes: {
  Scope 1 (Magic: Remote, Receiver: [2, 3]): [join -> connect to MergeReceiver 4]
    PreScopes: {
    Scope 1 (Magic: Remote, Receiver: []): [restrict -> projection -> connect to MergeReceiver 2]
    DataSource: mo_task.__mo_index_secondary_018f2dbd-3203-7245-a0fb-18437489ec28[__mo_index_idx_col __mo_index_pri_col __mo_rowid],
    Scope 2 (Magic: Merge, Receiver: [1]): [merge -> dispatch to all of MergeReceiver [3].]
      PreScopes: {
      Scope 1 (Magic: Merge, Receiver: [0]): [merge -> projection -> connect to MergeReceiver 1]
    }
  }
}
PreScope 0 1 2
Start JoinRun 3 1
3 2
Join Run 7
PreScope 0 7 0

Scope 1 (Magic: Merge, Receiver: [0]): [merge -> projection -> projection -> projection -> pre insert 2nd -> lockop -> projection -> insert]
PreScope 1 7 0
PreScope 2 7 0
PreScope 3 7 2
PreScope 4 7 0
PreScope 5 7 0
PreScope 6 7 0
inner join prepare
inner join prepare
3 2
Join Run 7
inner join prepare
inner join prepare
inner join prepare

Scope 1 (Magic: Merge, Receiver: [4]): [merge -> dispatch to all of MergeReceiver [unknown, unknown].]
  PreScopes: {
  Scope 1 (Magic: Remote, Receiver: [2, 3]): [join -> connect to MergeReceiver 4]
    PreScopes: {
    Scope 1 (Magic: Remote, Receiver: []): [restrict -> projection -> connect to MergeReceiver 2]
    DataSource: mo_task.__mo_index_secondary_018f2dbd-320c-7ce6-a1f7-fb305f2cb858[__mo_index_idx_col __mo_index_pri_col __mo_rowid],
    Scope 2 (Magic: Merge, Receiver: [1]): [merge -> dispatch to all of MergeReceiver [3].]
      PreScopes: {
      Scope 1 (Magic: Merge, Receiver: [0]): [merge -> projection -> connect to MergeReceiver 1]
    }
  }
}
PreScope 0 1 2

Scope 1 (Magic: Merge, Receiver: [1]): [merge -> delete]
  PreScopes: {
  Scope 1 (Magic: Merge, Receiver: [0]): [merge -> projection -> lockop -> connect to MergeReceiver 1]
}
Before handleRuntimeFilter
inner join prepare
PreScope 0 1 0

Scope 1 (Magic: Merge, Receiver: [0]): [merge -> projection -> projection -> projection -> pre insert 2nd -> lockop -> projection -> insert]
PreScope 0 7 0
PreScope 1 7 0
PreScope 2 7 0
PreScope 3 7 2
PreScope 4 7 0
PreScope 0 1 0
PreScope 5 7 0
PreScope 6 7 0
inner join prepare
Before handleRuntimeFilter
inner join prepare
PreScope 0 1 0
inner join prepare
Start JoinRun 3 1
3 2
Join Run 7
PreScope 0 7 0
PreScope 1 7 0
PreScope 2 7 0
PreScope 3 7 2
PreScope 4 7 0
inner join prepare
PreScope 5 7 0
PreScope 6 7 0
Before handleRuntimeFilter
PreScope 0 1 0
inner join prepare
inner join prepare
TableScan Free
hashbuild sendFilter End
ReceiveMessage  1
hashbuild sendFilter End
hashbuild sendFilter End
Finish handleRuntimeFilter
hashbuild sendFilter End
TableScan Prepare
ReceiveMessage  1
ReceiveMessage  1
Finish handleRuntimeFilter
TableScan Prepare
ReceiveMessage  1
Finish handleRuntimeFilter
TableScan Free
inner join free
Finish handleRuntimeFilter
inner join free
inner join free
TableScan Prepare
TableScan Prepare
TableScan Free
inner join free
inner join free
inner join free
TableScan Free
TableScan Free
inner join free
inner join free
inner join free
inner join free
inner join free
inner join free
{"level":"INFO","time":"2024/04/30 07:16:05.896957 +0000","caller":"frontend/routine.go:342","msg":"set query status on the connection 1202"}
TableScan Free
after indexbuild build
before indexbuild HandleRuntimeFilter
indexjoin sendFilter End
indexbuild End
ReceiveMessage  1
{"level":"INFO","time":"2024/04/30 07:16:06.045063 +0000","caller":"frontend/internal_executor.go:161","msg":"internalExecutor new session","span":{"trace_id":"435f94b5-0be2-f0df-c5eb-40950b702930","span_id":"e7a7895df5f85d7a"},"session uuid":"018f2ddc-571d-773e-b56f-0d5fd3dd11f3"}

Scope 1 (Magic: Merge, Receiver: [0]): [merge -> output]
  PreScopes: {
  Scope 1 (Magic: Remote, Receiver: []): [restrict -> projection -> projection -> connect to MergeReceiver 0]
  DataSource: mo_catalog.mo_role_privs[role_id obj_type obj_id privilege_id privilege_level with_grant_option],
}
PreScope 0 1 2
Before handleRuntimeFilter
Finish handleRuntimeFilter
TableScan Prepare
TableScan Free

Scope 1 (Magic: Merge, Receiver: [0]): [merge -> output]
  PreScopes: {
  Scope 1 (Magic: Remote, Receiver: []): [restrict -> projection -> projection -> connect to MergeReceiver 0]
  DataSource: mo_catalog.mo_account[account_name created_time],
}
PreScope 0 1 2
Before handleRuntimeFilter
Finish handleRuntimeFilter
TableScan Prepare
TableScan Free

Scope 1 (Magic: MergeInsert, Receiver: [8, 9, 10, 11, 12, 13, 14, 15]): [merge -> merge block]
  PreScopes: {
  Scope 1 (Magic: Merge, Receiver: [0]): [merge -> projection -> projection -> pre insert -> insert -> connect to MergeReceiver 8]
    PreScopes: {
    Scope 1 (Magic: Normal, Receiver: []): [external -> dispatch to any of MergeReceiver [0, 1, 2, 3, 4, 5, 6, 7].]
    DataSource: [],
  }
  Scope 2 (Magic: Merge, Receiver: [1]): [merge -> projection -> projection -> pre insert -> insert -> connect to MergeReceiver 9]
  Scope 3 (Magic: Merge, Receiver: [2]): [merge -> projection -> projection -> pre insert -> insert -> connect to MergeReceiver 10]
  Scope 4 (Magic: Merge, Receiver: [3]): [merge -> projection -> projection -> pre insert -> insert -> connect to MergeReceiver 11]
  Scope 5 (Magic: Merge, Receiver: [4]): [merge -> projection -> projection -> pre insert -> insert -> connect to MergeReceiver 12]
  Scope 6 (Magic: Merge, Receiver: [5]): [merge -> projection -> projection -> pre insert -> insert -> connect to MergeReceiver 13]
  Scope 7 (Magic: Merge, Receiver: [6]): [merge -> projection -> projection -> pre insert -> insert -> connect to MergeReceiver 14]
  Scope 8 (Magic: Merge, Receiver: [7]): [merge -> projection -> projection -> pre insert -> insert -> connect to MergeReceiver 15]
}
PreScope 0 8 0
PreScope 1 8 0
PreScope 2 8 0
PreScope 3 8 0
PreScope 4 8 0
PreScope 5 8 0
PreScope 6 8 0
PreScope 7 8 0
PreScope 0 1 1

Scope 1 (Magic: MergeInsert, Receiver: [8, 9, 10, 11, 12, 13, 14, 15]): [merge -> merge block]
  PreScopes: {
  Scope 1 (Magic: Merge, Receiver: [0]): [merge -> projection -> projection -> pre insert -> insert -> connect to MergeReceiver 8]
    PreScopes: {
    Scope 1 (Magic: Normal, Receiver: []): [external -> dispatch to any of MergeReceiver [0, 1, 2, 3, 4, 5, 6, 7].]
    DataSource: [],
  }
  Scope 2 (Magic: Merge, Receiver: [1]): [merge -> projection -> projection -> pre insert -> insert -> connect to MergeReceiver 9]
  Scope 3 (Magic: Merge, Receiver: [2]): [merge -> projection -> projection -> pre insert -> insert -> connect to MergeReceiver 10]
  Scope 4 (Magic: Merge, Receiver: [3]): [merge -> projection -> projection -> pre insert -> insert -> connect to MergeReceiver 11]
  Scope 5 (Magic: Merge, Receiver: [4]): [merge -> projection -> projection -> pre insert -> insert -> connect to MergeReceiver 12]
  Scope 6 (Magic: Merge, Receiver: [5]): [merge -> projection -> projection -> pre insert -> insert -> connect to MergeReceiver 13]
  Scope 7 (Magic: Merge, Receiver: [6]): [merge -> projection -> projection -> pre insert -> insert -> connect to MergeReceiver 14]
  Scope 8 (Magic: Merge, Receiver: [7]): [merge -> projection -> projection -> pre insert -> insert -> connect to MergeReceiver 15]
}
PreScope 0 8 0
PreScope 1 8 0
PreScope 2 8 0
PreScope 3 8 0
PreScope 4 8 0
PreScope 5 8 0
PreScope 6 8 0
PreScope 7 8 0
PreScope 0 1 1

Scope 1 (Magic: MergeInsert, Receiver: [8, 9, 10, 11, 12, 13, 14, 15]): [merge -> merge block]
  PreScopes: {
  Scope 1 (Magic: Merge, Receiver: [0]): [merge -> projection -> projection -> pre insert -> insert -> connect to MergeReceiver 8]
    PreScopes: {
    Scope 1 (Magic: Normal, Receiver: []): [external -> dispatch to any of MergeReceiver [0, 1, 2, 3, 4, 5, 6, 7].]
    DataSource: [],
  }
  Scope 2 (Magic: Merge, Receiver: [1]): [merge -> projection -> projection -> pre insert -> insert -> connect to MergeReceiver 9]
  Scope 3 (Magic: Merge, Receiver: [2]): [merge -> projection -> projection -> pre insert -> insert -> connect to MergeReceiver 10]
  Scope 4 (Magic: Merge, Receiver: [3]): [merge -> projection -> projection -> pre insert -> insert -> connect to MergeReceiver 11]
  Scope 5 (Magic: Merge, Receiver: [4]): [merge -> projection -> projection -> pre insert -> insert -> connect to MergeReceiver 12]
  Scope 6 (Magic: Merge, Receiver: [5]): [merge -> projection -> projection -> pre insert -> insert -> connect to MergeReceiver 13]
  Scope 7 (Magic: Merge, Receiver: [6]): [merge -> projection -> projection -> pre insert -> insert -> connect to MergeReceiver 14]
  Scope 8 (Magic: Merge, Receiver: [7]): [merge -> projection -> projection -> pre insert -> insert -> connect to MergeReceiver 15]
}
PreScope 0 8 0
PreScope 1 8 0
PreScope 2 8 0
PreScope 3 8 0
PreScope 4 8 0
PreScope 5 8 0
PreScope 6 8 0
PreScope 7 8 0
PreScope 0 1 1
Finish handleRuntimeFilter
PreScope 0 7 1
PreScope 1 7 1
PreScope 2 7 1
PreScope 3 7 1
PreScope 4 7 1
PreScope 5 7 1
PreScope 6 7 1
TableScan Prepare
TableScan Prepare
TableScan Prepare
TableScan Prepare
TableScan Prepare
TableScan Prepare
TableScan Prepare
gc 92 @2044.944s 0%: 0.030+10+0.023 ms clock, 0.21+4.1/19/25+0.16 ms cpu, 300->311->165 MB, 328 MB goal, 0 MB stacks, 0 MB globals, 7 P
gc 93 @2045.377s 0%: 0.063+9.9+0.002 ms clock, 0.44+0.37/19/26+0.020 ms cpu, 305->305->168 MB, 331 MB goal, 0 MB stacks, 0 MB globals, 7 P
TableScan Free
TableScan Free
0xc00ab515c0
index join after ReceiveFromSingleReg false
index join Probe
0xc00ab515c0
index join after ReceiveFromSingleReg false
index join Probe
0xc00ab515c0
index join after ReceiveFromSingleReg false
index join Probe
TableScan Free
0xc00ab515c0
index join after ReceiveFromSingleReg false
index join Probe
TableScan Free
0xc00ab515c0
index join after ReceiveFromSingleReg false
index join Probe
TableScan Free
TableScan Free
0xc00ab515c0
index join after ReceiveFromSingleReg false
index join Probe
0xc00ab515c0
index join after ReceiveFromSingleReg false
TableScan Free
index join Probe
0xc00ab515c0
index join after ReceiveFromSingleReg false
index join Probe
0xc00ab515c0
index join after ReceiveFromSingleReg true
index join free
hashbuild sendFilter End
ReceiveMessage  1
{"level":"ERROR","time":"2024/04/30 07:16:07.015516 +0000","caller":"function/function.go:162","msg":"error: invalid argument function prefix_in, bad value [VARCHAR TUPLE]","span":{"trace_id":"ab860495-60f0-a63d-5449-62022b82bf40","span_id":"77f4f15617a997ec"}}
Finish handleRuntimeFilter
TableScan Prepare
gc 94 @2045.785s 0%: 0.067+6.8+0.027 ms clock, 0.47+0.091/13/28+0.18 ms cpu, 310->311->185 MB, 339 MB goal, 0 MB stacks, 0 MB globals, 7 P
TableScan Free

Scope 1 (Magic: MergeInsert, Receiver: [8, 9, 10, 11, 12, 13, 14, 15]): [merge -> merge block]
  PreScopes: {
  Scope 1 (Magic: Merge, Receiver: [0]): [merge -> projection -> projection -> pre insert -> insert -> connect to MergeReceiver 8]
    PreScopes: {
    Scope 1 (Magic: Normal, Receiver: []): [external -> dispatch to any of MergeReceiver [0, 1, 2, 3, 4, 5, 6, 7].]
    DataSource: [],
  }
  Scope 2 (Magic: Merge, Receiver: [1]): [merge -> projection -> projection -> pre insert -> insert -> connect to MergeReceiver 9]
  Scope 3 (Magic: Merge, Receiver: [2]): [merge -> projection -> projection -> pre insert -> insert -> connect to MergeReceiver 10]
  Scope 4 (Magic: Merge, Receiver: [3]): [merge -> projection -> projection -> pre insert -> insert -> connect to MergeReceiver 11]
  Scope 5 (Magic: Merge, Receiver: [4]): [merge -> projection -> projection -> pre insert -> insert -> connect to MergeReceiver 12]
  Scope 6 (Magic: Merge, Receiver: [5]): [merge -> projection -> projection -> pre insert -> insert -> connect to MergeReceiver 13]
  Scope 7 (Magic: Merge, Receiver: [6]): [merge -> projection -> projection -> pre insert -> insert -> connect to MergeReceiver 14]
  Scope 8 (Magic: Merge, Receiver: [7]): [merge -> projection -> projection -> pre insert -> insert -> connect to MergeReceiver 15]
}
PreScope 0 8 0
PreScope 1 8 0
PreScope 2 8 0
PreScope 3 8 0
PreScope 4 8 0
PreScope 5 8 0
PreScope 6 8 0
PreScope 7 8 0
PreScope 0 1 1

Scope 1 (Magic: MergeInsert, Receiver: [8, 9, 10, 11, 12, 13, 14, 15]): [merge -> merge block]
  PreScopes: {
  Scope 1 (Magic: Merge, Receiver: [0]): [merge -> projection -> projection -> pre insert -> insert -> connect to MergeReceiver 8]
    PreScopes: {
    Scope 1 (Magic: Normal, Receiver: []): [external -> dispatch to any of MergeReceiver [0, 1, 2, 3, 4, 5, 6, 7].]
    DataSource: [],
  }
  Scope 2 (Magic: Merge, Receiver: [1]): [merge -> projection -> projection -> pre insert -> insert -> connect to MergeReceiver 9]
  Scope 3 (Magic: Merge, Receiver: [2]): [merge -> projection -> projection -> pre insert -> insert -> connect to MergeReceiver 10]
  Scope 4 (Magic: Merge, Receiver: [3]): [merge -> projection -> projection -> pre insert -> insert -> connect to MergeReceiver 11]
  Scope 5 (Magic: Merge, Receiver: [4]): [merge -> projection -> projection -> pre insert -> insert -> connect to MergeReceiver 12]
  Scope 6 (Magic: Merge, Receiver: [5]): [merge -> projection -> projection -> pre insert -> insert -> connect to MergeReceiver 13]
  Scope 7 (Magic: Merge, Receiver: [6]): [merge -> projection -> projection -> pre insert -> insert -> connect to MergeReceiver 14]
  Scope 8 (Magic: Merge, Receiver: [7]): [merge -> projection -> projection -> pre insert -> insert -> connect to MergeReceiver 15]
}
PreScope 0 8 0
PreScope 1 8 0
PreScope 2 8 0
PreScope 3 8 0
PreScope 4 8 0
PreScope 5 8 0
PreScope 6 8 0
PreScope 7 8 0
PreScope 0 1 1

Scope 1 (Magic: Merge, Receiver: [0]): [merge -> output]
  PreScopes: {
  Scope 1 (Magic: Normal, Receiver: []): [projection -> projection -> connect to MergeReceiver 0]
  DataSource: [],
}
PreScope 0 1 1

Scope 1 (Magic: Merge, Receiver: [1]): [merge -> output]
  PreScopes: {
  Scope 1 (Magic: Merge, Receiver: [0]): [merge order -> projection -> projection -> connect to MergeReceiver 1]
    PreScopes: {
    Scope 1 (Magic: Remote, Receiver: []): [restrict -> projection -> order -> connect to MergeReceiver 0]
    DataSource: mo_task.sys_daemon_task[task_id task_metadata_id task_metadata_executor task_metadata_context task_metadata_option account_id account task_type task_runner task_status last_heartbeat create_at update_at end_at last_run details],
  }
}
PreScope 0 1 0
PreScope 0 1 2
Before handleRuntimeFilter
Finish handleRuntimeFilter
TableScan Prepare
TableScan Free

Scope 1 (Magic: Merge, Receiver: [0]): [merge -> output]
  PreScopes: {
  Scope 1 (Magic: Normal, Receiver: []): [projection -> projection -> connect to MergeReceiver 0]
  DataSource: [],
}
PreScope 0 1 1

Scope 1 (Magic: Merge, Receiver: [1]): [merge -> output]
  PreScopes: {
  Scope 1 (Magic: Merge, Receiver: [0]): [merge order -> projection -> projection -> connect to MergeReceiver 1]
    PreScopes: {
    Scope 1 (Magic: Remote, Receiver: []): [restrict -> projection -> order -> connect to MergeReceiver 0]
    DataSource: mo_task.sys_daemon_task[task_id task_metadata_id task_metadata_executor task_metadata_context task_metadata_option account_id account task_type task_runner task_status last_heartbeat create_at update_at end_at last_run details],
  }
}
PreScope 0 1 0
PreScope 0 1 2
Before handleRuntimeFilter
Finish handleRuntimeFilter
TableScan Prepare
TableScan Free

Scope 1 (Magic: Merge, Receiver: [0]): [merge -> output]
  PreScopes: {
  Scope 1 (Magic: Normal, Receiver: []): [projection -> projection -> connect to MergeReceiver 0]
  DataSource: [],
}
PreScope 0 1 1

Scope 1 (Magic: Merge, Receiver: [1]): [merge -> output]
  PreScopes: {
  Scope 1 (Magic: Merge, Receiver: [0]): [merge order -> projection -> projection -> connect to MergeReceiver 1]
    PreScopes: {
    Scope 1 (Magic: Remote, Receiver: []): [restrict -> projection -> order -> connect to MergeReceiver 0]
    DataSource: mo_task.sys_daemon_task[task_id task_metadata_id task_metadata_executor task_metadata_context task_metadata_option account_id account task_type task_runner task_status last_heartbeat create_at update_at end_at last_run details],
  }
}
PreScope 0 1 0
PreScope 0 1 2
Before handleRuntimeFilter
Finish handleRuntimeFilter
TableScan Prepare
TableScan Free

Scope 1 (Magic: Merge, Receiver: [0]): [merge -> output]
  PreScopes: {
  Scope 1 (Magic: Normal, Receiver: []): [projection -> projection -> connect to MergeReceiver 0]
  DataSource: [],
}
PreScope 0 1 1

Scope 1 (Magic: Merge, Receiver: [1]): [merge -> output]
  PreScopes: {
  Scope 1 (Magic: Merge, Receiver: [0]): [merge order -> projection -> projection -> connect to MergeReceiver 1]
    PreScopes: {
    Scope 1 (Magic: Remote, Receiver: []): [restrict -> projection -> order -> connect to MergeReceiver 0]
    DataSource: mo_task.sys_daemon_task[task_id task_metadata_id task_metadata_executor task_metadata_context task_metadata_option account_id account task_type task_runner task_status last_heartbeat create_at update_at end_at last_run details],
  }
}
PreScope 0 1 0
PreScope 0 1 2
Before handleRuntimeFilter
Finish handleRuntimeFilter
TableScan Prepare
TableScan Free

Scope 1 (Magic: Merge, Receiver: [0]): [merge -> output]
  PreScopes: {
  Scope 1 (Magic: Normal, Receiver: []): [projection -> projection -> connect to MergeReceiver 0]
  DataSource: [],
}
PreScope 0 1 1

Scope 1 (Magic: Merge, Receiver: [1]): [merge -> output]
  PreScopes: {
  Scope 1 (Magic: Merge, Receiver: [0]): [merge order -> projection -> projection -> connect to MergeReceiver 1]
    PreScopes: {
    Scope 1 (Magic: Remote, Receiver: []): [restrict -> projection -> order -> connect to MergeReceiver 0]
    DataSource: mo_task.sys_daemon_task[task_id task_metadata_id task_metadata_executor task_metadata_context task_metadata_option account_id account task_type task_runner task_status last_heartbeat create_at update_at end_at last_run details],
  }
}
PreScope 0 1 0
PreScope 0 1 2
Before handleRuntimeFilter
Finish handleRuntimeFilter
TableScan Prepare
TableScan Free

Scope 1 (Magic: Merge, Receiver: [0]): [merge -> output]
  PreScopes: {
  Scope 1 (Magic: Normal, Receiver: []): [projection -> projection -> connect to MergeReceiver 0]
  DataSource: [],
}
PreScope 0 1 1

Scope 1 (Magic: Merge, Receiver: [1]): [merge -> output]
  PreScopes: {
  Scope 1 (Magic: Merge, Receiver: [0]): [merge order -> projection -> projection -> connect to MergeReceiver 1]
    PreScopes: {
    Scope 1 (Magic: Remote, Receiver: []): [restrict -> projection -> order -> connect to MergeReceiver 0]
    DataSource: mo_task.sys_daemon_task[task_id task_metadata_id task_metadata_executor task_metadata_context task_metadata_option account_id account task_type task_runner task_status last_heartbeat create_at update_at end_at last_run details],
  }
}
PreScope 0 1 0
PreScope 0 1 2
Before handleRuntimeFilter
Finish handleRuntimeFilter
TableScan Prepare
TableScan Free

Scope 1 (Magic: Merge, Receiver: [0]): [merge -> output]
  PreScopes: {
  Scope 1 (Magic: Normal, Receiver: []): [projection -> projection -> connect to MergeReceiver 0]
  DataSource: [],
}
PreScope 0 1 1

Scope 1 (Magic: Merge, Receiver: [1]): [merge -> output]
  PreScopes: {
  Scope 1 (Magic: Merge, Receiver: [0]): [merge order -> projection -> projection -> connect to MergeReceiver 1]
    PreScopes: {
    Scope 1 (Magic: Remote, Receiver: []): [restrict -> projection -> order -> connect to MergeReceiver 0]
    DataSource: mo_task.sys_daemon_task[task_id task_metadata_id task_metadata_executor task_metadata_context task_metadata_option account_id account task_type task_runner task_status last_heartbeat create_at update_at end_at last_run details],
  }
}
PreScope 0 1 0
PreScope 0 1 2
Before handleRuntimeFilter
Finish handleRuntimeFilter
TableScan Prepare
TableScan Free

Scope 1 (Magic: Merge, Receiver: [0]): [merge -> output]
  PreScopes: {
  Scope 1 (Magic: Normal, Receiver: []): [projection -> projection -> connect to MergeReceiver 0]
  DataSource: [],
}
PreScope 0 1 1

Scope 1 (Magic: Merge, Receiver: [0]): [merge -> output]
  PreScopes: {
  Scope 1 (Magic: Remote, Receiver: []): [restrict -> projection -> projection -> connect to MergeReceiver 0]
  DataSource: mo_catalog.mo_mysql_compatibility_mode[account_id variable_name variable_value system_variables],
}
PreScope 0 1 2
Before handleRuntimeFilter
Finish handleRuntimeFilter
TableScan Prepare

Scope 1 (Magic: Merge, Receiver: [0]): [merge -> output]
  PreScopes: {
  Scope 1 (Magic: Remote, Receiver: []): [restrict -> projection -> projection -> connect to MergeReceiver 0]
  DataSource: mo_task.sys_cron_task[cron_task_id task_metadata_id task_metadata_executor task_metadata_context task_metadata_option cron_expr next_time trigger_times create_at update_at],
}
PreScope 0 1 2
Before handleRuntimeFilter
Finish handleRuntimeFilter
TableScan Prepare
TableScan Free
TableScan Free
{"level":"INFO","time":"2024/04/30 07:16:07.942654 +0000","name":"cn-service.frontend","caller":"frontend/routine_manager.go:490","msg":"mo accept connection, time cost of Created: 94.327µs, Establish: 746.811µs, UpgradeTLS: 0s, Authenticate: 742.022µs, SendErrPacket: 0s, SendOKPacket: 21.601µs, CheckTenant: 0s, CheckUser: 0s, CheckRole: 0s, CheckDbName: 0s, InitGlobalSysVar: 706.245µs","uuid":"30373561-6337-3535-3039-646538333161","session_info":"connectionId 1203|10.158.9.44:60868|{account sys:01d7f82f-d20d-4e9a-adce-35afaaf07c0d: -- 0:0:0}|goRoutineId 51199|018f2ddc-5e83-7eb0-940b-4909594a638d"}
{"level":"INFO","time":"2024/04/30 07:16:07.945767 +0000","name":"cn-service.frontend","caller":"frontend/routine.go:264","msg":"mo received first request","uuid":"30373561-6337-3535-3039-646538333161","session_info":"connectionId 1203|10.158.9.44:60868|{account sys:01d7f82f-d20d-4e9a-adce-35afaaf07c0d:moadmin -- 0:4294967295:0}|goRoutineId 51199|018f2ddc-5e83-7eb0-940b-4909594a638d"}
{"level":"INFO","time":"2024/04/30 07:16:07.946070 +0000","caller":"frontend/routine.go:342","msg":"set query status on the connection 1203"}

Scope 1 (Magic: Merge, Receiver: [0]): [merge -> output]
  PreScopes: {
  Scope 1 (Magic: Normal, Receiver: []): [projection -> projection -> connect to MergeReceiver 0]
  DataSource: [],
}
PreScope 0 1 1

Scope 1 (Magic: Merge, Receiver: [1]): [merge -> output]
  PreScopes: {
  Scope 1 (Magic: Merge, Receiver: [0]): [merge order -> projection -> projection -> connect to MergeReceiver 1]
    PreScopes: {
    Scope 1 (Magic: Remote, Receiver: []): [restrict -> projection -> order -> connect to MergeReceiver 0]
    DataSource: mo_task.sys_async_task[task_id task_metadata_id task_metadata_executor task_metadata_context task_metadata_option task_parent_id task_status task_runner task_epoch last_heartbeat result_code error_msg create_at end_at],
  }
}
PreScope 0 1 0
PreScope 0 1 2
Before handleRuntimeFilter
Finish handleRuntimeFilter
TableScan Prepare
TableScan Free

Scope 1 (Magic: Merge, Receiver: [0]): [merge -> output]
  PreScopes: {
  Scope 1 (Magic: Normal, Receiver: []): [projection -> projection -> connect to MergeReceiver 0]
  DataSource: [],
}
PreScope 0 1 1

Scope 1 (Magic: Merge, Receiver: [1]): [merge -> output]
  PreScopes: {
  Scope 1 (Magic: Merge, Receiver: [0]): [merge order -> projection -> projection -> connect to MergeReceiver 1]
    PreScopes: {
    Scope 1 (Magic: Remote, Receiver: []): [restrict -> projection -> order -> connect to MergeReceiver 0]
    DataSource: mo_task.sys_async_task[task_id task_metadata_id task_metadata_executor task_metadata_context task_metadata_option task_parent_id task_status task_runner task_epoch last_heartbeat result_code error_msg create_at end_at],
  }
}
PreScope 0 1 0
PreScope 0 1 2
Before handleRuntimeFilter
Finish handleRuntimeFilter
TableScan Prepare
TableScan Free

Scope 1 (Magic: Merge, Receiver: [0]): [merge -> output]
  PreScopes: {
  Scope 1 (Magic: Normal, Receiver: []): [projection -> projection -> connect to MergeReceiver 0]
  DataSource: [],
}
PreScope 0 1 1

Scope 1 (Magic: Merge, Receiver: [1]): [merge -> delete]
  PreScopes: {
  Scope 1 (Magic: Merge, Receiver: [0]): [merge -> projection -> connect to MergeReceiver 1]
}
PreScope 0 1 0

Scope 1 (Magic: Merge, Receiver: [0]): [merge -> dispatch to all of MergeReceiver [unknown, unknown, unknown, unknown, unknown, unknown].]
  PreScopes: {
  Scope 1 (Magic: Remote, Receiver: []): [restrict -> projection -> projection -> projection -> lockop -> connect to MergeReceiver 0]
  DataSource: mo_task.sys_async_task[task_id task_metadata_id task_metadata_executor task_metadata_context task_metadata_option task_parent_id task_status task_runner task_epoch last_heartbeat result_code error_msg create_at end_at __mo_rowid],
}
PreScope 0 1 2
Before handleRuntimeFilter
Finish handleRuntimeFilter

Scope 1 (Magic: Merge, Receiver: [4]): [merge -> dispatch to all of MergeReceiver [unknown, unknown].]
  PreScopes: {
  Scope 1 (Magic: Remote, Receiver: [2, 3]): [join -> connect to MergeReceiver 4]
    PreScopes: {
    Scope 1 (Magic: Remote, Receiver: []): [restrict -> projection -> connect to MergeReceiver 2]
    DataSource: mo_task.__mo_index_secondary_018f2dbd-320c-7ce6-a1f7-fb305f2cb858[__mo_index_idx_col __mo_index_pri_col __mo_rowid],
    Scope 2 (Magic: Merge, Receiver: [1]): [merge -> dispatch to all of MergeReceiver [3].]
      PreScopes: {
      Scope 1 (Magic: Merge, Receiver: [0]): [merge -> projection -> connect to MergeReceiver 1]
    }
  }
}
PreScope 0 1 2
Start JoinRun 3 1

Scope 1 (Magic: Merge, Receiver: [4]): [merge -> dispatch to all of MergeReceiver [unknown, unknown].]
  PreScopes: {
  Scope 1 (Magic: Remote, Receiver: [2, 3]): [join -> connect to MergeReceiver 4]
    PreScopes: {
    Scope 1 (Magic: Remote, Receiver: []): [restrict -> projection -> connect to MergeReceiver 2]
    DataSource: mo_task.__mo_index_secondary_018f2dbd-320f-7313-a169-15705eff9498[__mo_index_idx_col __mo_index_pri_col __mo_rowid],
    Scope 2 (Magic: Merge, Receiver: [1]): [merge -> dispatch to all of MergeReceiver [3].]
      PreScopes: {
      Scope 1 (Magic: Merge, Receiver: [0]): [merge -> projection -> connect to MergeReceiver 1]
    }
  }
}
PreScope 0 1 2

Scope 1 (Magic: Merge, Receiver: [0]): [merge -> projection -> projection -> projection -> pre insert 2nd -> lockop -> projection -> insert]
Start JoinRun 3 1

Scope 1 (Magic: Merge, Receiver: [1]): [merge -> delete]
  PreScopes: {
  Scope 1 (Magic: Merge, Receiver: [0]): [merge -> projection -> lockop -> connect to MergeReceiver 1]
}
TableScan Prepare

Scope 1 (Magic: Merge, Receiver: [0]): [merge -> projection -> projection -> projection -> pre insert 2nd -> lockop -> projection -> insert]

Scope 1 (Magic: Merge, Receiver: [1]): [merge -> delete]
  PreScopes: {
  Scope 1 (Magic: Merge, Receiver: [0]): [merge -> projection -> lockop -> connect to MergeReceiver 1]
}
PreScope 0 1 0
3 2
Join Run 7
PreScope 0 7 0
PreScope 1 7 0
PreScope 2 7 0
PreScope 3 7 2
PreScope 4 7 0
PreScope 5 7 0
Before handleRuntimeFilter
PreScope 6 7 0

Scope 1 (Magic: Merge, Receiver: [1]): [merge -> delete]
  PreScopes: {
  Scope 1 (Magic: Merge, Receiver: [0]): [merge -> projection -> lockop -> connect to MergeReceiver 1]
}
PreScope 0 1 0

Scope 1 (Magic: Merge, Receiver: [1]): [merge -> delete]
  PreScopes: {
  Scope 1 (Magic: Merge, Receiver: [0]): [merge -> projection -> lockop -> connect to MergeReceiver 1]
}

Scope 1 (Magic: Merge, Receiver: [0]): [merge -> projection -> projection -> projection -> pre insert 2nd -> lockop -> projection -> insert]
PreScope 0 1 0

Scope 1 (Magic: Merge, Receiver: [4]): [merge -> dispatch to all of MergeReceiver [unknown, unknown].]
  PreScopes: {
  Scope 1 (Magic: Remote, Receiver: [2, 3]): [join -> connect to MergeReceiver 4]
    PreScopes: {
    Scope 1 (Magic: Remote, Receiver: []): [restrict -> projection -> connect to MergeReceiver 2]
    DataSource: mo_task.__mo_index_secondary_018f2dbd-3203-7245-a0fb-18437489ec28[__mo_index_idx_col __mo_index_pri_col __mo_rowid],
    Scope 2 (Magic: Merge, Receiver: [1]): [merge -> dispatch to all of MergeReceiver [3].]
      PreScopes: {
      Scope 1 (Magic: Merge, Receiver: [0]): [merge -> projection -> connect to MergeReceiver 1]
    }
  }
}
PreScope 0 1 2
inner join prepare

Scope 1 (Magic: Merge, Receiver: [0]): [merge -> projection -> projection -> pre insert -> projection -> insert]
Start JoinRun 3 1
3 2
Join Run 7
PreScope 0 7 0
PreScope 1 7 0

Scope 1 (Magic: Merge, Receiver: [4]): [merge -> dispatch to all of MergeReceiver [unknown, unknown].]
  PreScopes: {
  Scope 1 (Magic: Remote, Receiver: [2, 3]): [join -> connect to MergeReceiver 4]
    PreScopes: {
    Scope 1 (Magic: Remote, Receiver: []): [restrict -> projection -> connect to MergeReceiver 2]
    DataSource: mo_task.__mo_index_secondary_018f2dbd-3208-7608-bea8-b3f89d51df16[__mo_index_idx_col __mo_index_pri_col __mo_rowid],
    Scope 2 (Magic: Merge, Receiver: [1]): [merge -> dispatch to all of MergeReceiver [3].]
      PreScopes: {
      Scope 1 (Magic: Merge, Receiver: [0]): [merge -> projection -> connect to MergeReceiver 1]
    }
  }
}
PreScope 2 7 0
PreScope 0 1 2
PreScope 3 7 2
inner join prepare
Before handleRuntimeFilter
Start JoinRun 3 1
inner join prepare
PreScope 4 7 0
PreScope 5 7 0
inner join prepare
PreScope 6 7 0
inner join prepare
PreScope 0 1 0
3 2
Join Run 7
PreScope 0 7 0
3 2
PreScope 0 1 0
PreScope 1 7 0
inner join prepare
PreScope 2 7 0
PreScope 3 7 2
inner join prepare
PreScope 4 7 0
inner join prepare

Scope 1 (Magic: Merge, Receiver: [0]): [merge -> projection -> projection -> projection -> pre insert 2nd -> lockop -> projection -> insert]
inner join prepare
Join Run 7
Before handleRuntimeFilter
PreScope 5 7 0
PreScope 0 7 0
PreScope 6 7 0
PreScope 1 7 0
PreScope 2 7 0
inner join prepare
PreScope 3 7 2
PreScope 4 7 0
inner join prepare
PreScope 0 1 0
inner join prepare
PreScope 5 7 0
PreScope 6 7 0
Before handleRuntimeFilter
PreScope 0 1 0
PreScope 0 1 0
TableScan Free
hashbuild sendFilter End
hashbuild sendFilter End
hashbuild sendFilter End
hashbuild sendFilter End
ReceiveMessage  1
ReceiveMessage  1
ReceiveMessage  1
Finish handleRuntimeFilter
TableScan Prepare
Finish handleRuntimeFilter
TableScan Prepare
TableScan Free
TableScan Free
inner join free
ReceiveMessage  1
inner join free
Finish handleRuntimeFilter
inner join free
TableScan Prepare
Finish handleRuntimeFilter
TableScan Prepare
inner join free
TableScan Free
inner join free
TableScan Free
inner join free
inner join free
inner join free
inner join free
inner join free
inner join free
inner join free

Scope 1 (Magic: Merge, Receiver: [0]): [merge -> output]
  PreScopes: {
  Scope 1 (Magic: Remote, Receiver: []): [restrict -> projection -> projection -> connect to MergeReceiver 0]
  DataSource: mo_catalog.mo_mysql_compatibility_mode[account_id variable_name variable_value system_variables],
}
PreScope 0 1 2
Before handleRuntimeFilter
Finish handleRuntimeFilter
TableScan Prepare
TableScan Free
{"level":"INFO","time":"2024/04/30 07:16:10.937041 +0000","name":"cn-service.frontend","caller":"frontend/routine_manager.go:490","msg":"mo accept connection, time cost of Created: 111.399µs, Establish: 930.294µs, UpgradeTLS: 0s, Authenticate: 923.551µs, SendErrPacket: 0s, SendOKPacket: 22.332µs, CheckTenant: 0s, CheckUser: 0s, CheckRole: 0s, CheckDbName: 0s, InitGlobalSysVar: 884.478µs","uuid":"30373561-6337-3535-3039-646538333161","session_info":"connectionId 1204|10.158.9.44:60898|{account sys:01d7f82f-d20d-4e9a-adce-35afaaf07c0d: -- 0:0:0}|goRoutineId 51946|018f2ddc-6a35-7788-ae17-78bef6b050dc"}
{"level":"INFO","time":"2024/04/30 07:16:10.939191 +0000","name":"cn-service.frontend","caller":"frontend/routine.go:264","msg":"mo received first request","uuid":"30373561-6337-3535-3039-646538333161","session_info":"connectionId 1204|10.158.9.44:60898|{account sys:01d7f82f-d20d-4e9a-adce-35afaaf07c0d:moadmin -- 0:4294967295:0}|goRoutineId 51946|018f2ddc-6a35-7788-ae17-78bef6b050dc"}

Scope 1 (Magic: Merge, Receiver: [0]): [merge -> output]
  PreScopes: {
  Scope 1 (Magic: Normal, Receiver: []): [projection -> projection -> connect to MergeReceiver 0]
  DataSource: [],
}
PreScope 0 1 1

Scope 1 (Magic: Merge, Receiver: [0]): [merge -> output]
  PreScopes: {
  Scope 1 (Magic: Normal, Receiver: []): [projection -> projection -> connect to MergeReceiver 0]
  DataSource: [],
}
PreScope 0 1 1

Scope 1 (Magic: Merge, Receiver: [1]): [merge -> output]
  PreScopes: {
  Scope 1 (Magic: Merge, Receiver: [0]): [merge order -> projection -> projection -> connect to MergeReceiver 1]
    PreScopes: {
    Scope 1 (Magic: Remote, Receiver: []): [restrict -> projection -> order -> connect to MergeReceiver 0]
    DataSource: mo_task.sys_async_task[task_id task_metadata_id task_metadata_executor task_metadata_context task_metadata_option task_parent_id task_status task_runner task_epoch last_heartbeat result_code error_msg create_at end_at],
  }
}
PreScope 0 1 0
PreScope 0 1 2
Before handleRuntimeFilter
Finish handleRuntimeFilter
TableScan Prepare
TableScan Free

Scope 1 (Magic: Merge, Receiver: [0]): [merge -> output]
  PreScopes: {
  Scope 1 (Magic: Remote, Receiver: []): [restrict -> projection -> projection -> connect to MergeReceiver 0]
  DataSource: mo_task.sys_cron_task[cron_task_id task_metadata_id task_metadata_executor task_metadata_context task_metadata_option cron_expr next_time trigger_times create_at update_at],
}
PreScope 0 1 2
Before handleRuntimeFilter
Finish handleRuntimeFilter
TableScan Prepare
TableScan Free

Scope 1 (Magic: Merge, Receiver: [0]): [merge -> output]
  PreScopes: {
  Scope 1 (Magic: Normal, Receiver: []): [projection -> projection -> connect to MergeReceiver 0]
  DataSource: [],
}
PreScope 0 1 1
{"level":"INFO","time":"2024/04/30 07:16:10.944437 +0000","caller":"frontend/routine.go:342","msg":"set query status on the connection 1192"}

Scope 1 (Magic: Merge, Receiver: [1]): [merge -> output]
  PreScopes: {
  Scope 1 (Magic: Merge, Receiver: [0]): [merge order -> projection -> projection -> connect to MergeReceiver 1]
    PreScopes: {
    Scope 1 (Magic: Remote, Receiver: []): [restrict -> projection -> order -> connect to MergeReceiver 0]
    DataSource: mo_task.sys_async_task[task_id task_metadata_id task_metadata_executor task_metadata_context task_metadata_option task_parent_id task_status task_runner task_epoch last_heartbeat result_code error_msg create_at end_at],
  }
}
PreScope 0 1 0
PreScope 0 1 2
Before handleRuntimeFilter
Finish handleRuntimeFilter
TableScan Prepare
TableScan Free
{"level":"WARN","time":"2024/04/30 07:16:12.484078 +0000","name":"cn-service.morpc","caller":"morpc/backend.go:466","msg":"system is busy, write loop schedule interval is too large","uuid":"30373561-6337-3535-3039-646538333161","interval":"6.86714593s","last-ping-trigger-time":"2024/04/30 07:16:12.484067 +0000","ping-interval":"24s"}
{"level":"INFO","time":"2024/04/30 07:16:13.881652 +0000","caller":"blockio/pipeline.go:495","msg":"SelectivityStats: BLK[6/6=1.0000] COL[233/386=0.6036] RDF[2/294=0.0068,588/951=0.6183]RDD[0s/0s/0s/0]"}

Scope 1 (Magic: Merge, Receiver: [0]): [merge -> output]
  PreScopes: {
  Scope 1 (Magic: Normal, Receiver: []): [projection -> projection -> connect to MergeReceiver 0]
  DataSource: [],
}
PreScope 0 1 1

Scope 1 (Magic: Merge, Receiver: [0]): [merge -> output]
  PreScopes: {
  Scope 1 (Magic: Remote, Receiver: []): [restrict -> projection -> projection -> connect to MergeReceiver 0]
  DataSource: mo_task.sys_cron_task[cron_task_id task_metadata_id task_metadata_executor task_metadata_context task_metadata_option cron_expr next_time trigger_times create_at update_at],
}
PreScope 0 1 2
Before handleRuntimeFilter
Finish handleRuntimeFilter
TableScan Prepare
TableScan Free

Scope 1 (Magic: Merge, Receiver: [0]): [merge -> output]
  PreScopes: {
  Scope 1 (Magic: Remote, Receiver: []): [restrict -> projection -> projection -> connect to MergeReceiver 0]
  DataSource: mo_catalog.mo_mysql_compatibility_mode[account_id variable_name variable_value system_variables],
}
PreScope 0 1 2
Before handleRuntimeFilter
Finish handleRuntimeFilter
TableScan Prepare
TableScan Free
{"level":"INFO","time":"2024/04/30 07:16:13.947574 +0000","name":"cn-service.frontend","caller":"frontend/routine_manager.go:490","msg":"mo accept connection, time cost of Created: 100.639µs, Establish: 736.452µs, UpgradeTLS: 0s, Authenticate: 731.482µs, SendErrPacket: 0s, SendOKPacket: 21.41µs, CheckTenant: 0s, CheckUser: 0s, CheckRole: 0s, CheckDbName: 0s, InitGlobalSysVar: 696.516µs","uuid":"30373561-6337-3535-3039-646538333161","session_info":"connectionId 1205|10.158.9.44:60930|{account sys:01d7f82f-d20d-4e9a-adce-35afaaf07c0d: -- 0:0:0}|goRoutineId 52005|018f2ddc-75f8-7155-ba0e-c34232cb04bc"}
{"level":"INFO","time":"2024/04/30 07:16:13.947803 +0000","name":"cn-service.frontend","caller":"frontend/routine.go:264","msg":"mo received first request","uuid":"30373561-6337-3535-3039-646538333161","session_info":"connectionId 1205|10.158.9.44:60930|{account sys:01d7f82f-d20d-4e9a-adce-35afaaf07c0d:moadmin -- 0:4294967295:0}|goRoutineId 52005|018f2ddc-75f8-7155-ba0e-c34232cb04bc"}
{"level":"INFO","time":"2024/04/30 07:16:13.948096 +0000","caller":"frontend/routine.go:342","msg":"set query status on the connection 1205"}

Scope 1 (Magic: Merge, Receiver: [0]): [merge -> output]
  PreScopes: {
  Scope 1 (Magic: Normal, Receiver: []): [projection -> projection -> connect to MergeReceiver 0]
  DataSource: [],
}
PreScope 0 1 1

Scope 1 (Magic: Merge, Receiver: [1]): [merge -> output]
  PreScopes: {
  Scope 1 (Magic: Merge, Receiver: [0]): [merge order -> projection -> projection -> connect to MergeReceiver 1]
    PreScopes: {
    Scope 1 (Magic: Remote, Receiver: []): [restrict -> projection -> order -> connect to MergeReceiver 0]
    DataSource: mo_task.sys_async_task[task_id task_metadata_id task_metadata_executor task_metadata_context task_metadata_option task_parent_id task_status task_runner task_epoch last_heartbeat result_code error_msg create_at end_at],
  }
}
PreScope 0 1 0
PreScope 0 1 2
Before handleRuntimeFilter
Finish handleRuntimeFilter
TableScan Prepare
TableScan Free

Scope 1 (Magic: Merge, Receiver: [0]): [merge -> output]
  PreScopes: {
  Scope 1 (Magic: Normal, Receiver: []): [projection -> projection -> connect to MergeReceiver 0]
  DataSource: [],
}
PreScope 0 1 1

Scope 1 (Magic: Merge, Receiver: [1]): [merge -> output]
  PreScopes: {
  Scope 1 (Magic: Merge, Receiver: [0]): [merge order -> projection -> projection -> connect to MergeReceiver 1]
    PreScopes: {
    Scope 1 (Magic: Remote, Receiver: []): [restrict -> projection -> order -> connect to MergeReceiver 0]
    DataSource: mo_task.sys_async_task[task_id task_metadata_id task_metadata_executor task_metadata_context task_metadata_option task_parent_id task_status task_runner task_epoch last_heartbeat result_code error_msg create_at end_at],
  }
}
PreScope 0 1 0
PreScope 0 1 2
Before handleRuntimeFilter
Finish handleRuntimeFilter
TableScan Prepare
TableScan Free
{"level":"WARN","time":"2024/04/30 07:16:15.508693 +0000","name":"cn-service.morpc","caller":"morpc/backend.go:466","msg":"system is busy, write loop schedule interval is too large","uuid":"30373561-6337-3535-3039-646538333161","interval":"8.169139094s","last-ping-trigger-time":"0001/01/01 00:00:00.000000 +0000","ping-interval":"24s"}

Scope 1 (Magic: MergeInsert, Receiver: [8, 9, 10, 11, 12, 13, 14, 15]): [merge -> merge block]
  PreScopes: {
  Scope 1 (Magic: Merge, Receiver: [0]): [merge -> projection -> projection -> pre insert -> insert -> connect to MergeReceiver 8]
    PreScopes: {
    Scope 1 (Magic: Normal, Receiver: []): [external -> dispatch to any of MergeReceiver [0, 1, 2, 3, 4, 5, 6, 7].]
    DataSource: [],
  }
  Scope 2 (Magic: Merge, Receiver: [1]): [merge -> projection -> projection -> pre insert -> insert -> connect to MergeReceiver 9]
  Scope 3 (Magic: Merge, Receiver: [2]): [merge -> projection -> projection -> pre insert -> insert -> connect to MergeReceiver 10]
  Scope 4 (Magic: Merge, Receiver: [3]): [merge -> projection -> projection -> pre insert -> insert -> connect to MergeReceiver 11]
  Scope 5 (Magic: Merge, Receiver: [4]): [merge -> projection -> projection -> pre insert -> insert -> connect to MergeReceiver 12]
  Scope 6 (Magic: Merge, Receiver: [5]): [merge -> projection -> projection -> pre insert -> insert -> connect to MergeReceiver 13]
  Scope 7 (Magic: Merge, Receiver: [6]): [merge -> projection -> projection -> pre insert -> insert -> connect to MergeReceiver 14]
  Scope 8 (Magic: Merge, Receiver: [7]): [merge -> projection -> projection -> pre insert -> insert -> connect to MergeReceiver 15]
}
PreScope 0 8 0
PreScope 1 8 0
PreScope 2 8 0
PreScope 3 8 0
PreScope 4 8 0
PreScope 5 8 0
PreScope 6 8 0
PreScope 7 8 0
PreScope 0 1 1

Scope 1 (Magic: MergeInsert, Receiver: [8, 9, 10, 11, 12, 13, 14, 15]): [merge -> merge block]
  PreScopes: {
  Scope 1 (Magic: Merge, Receiver: [0]): [merge -> projection -> projection -> pre insert -> insert -> connect to MergeReceiver 8]
    PreScopes: {
    Scope 1 (Magic: Normal, Receiver: []): [external -> dispatch to any of MergeReceiver [0, 1, 2, 3, 4, 5, 6, 7].]
    DataSource: [],
  }
  Scope 2 (Magic: Merge, Receiver: [1]): [merge -> projection -> projection -> pre insert -> insert -> connect to MergeReceiver 9]
  Scope 3 (Magic: Merge, Receiver: [2]): [merge -> projection -> projection -> pre insert -> insert -> connect to MergeReceiver 10]
  Scope 4 (Magic: Merge, Receiver: [3]): [merge -> projection -> projection -> pre insert -> insert -> connect to MergeReceiver 11]
  Scope 5 (Magic: Merge, Receiver: [4]): [merge -> projection -> projection -> pre insert -> insert -> connect to MergeReceiver 12]
  Scope 6 (Magic: Merge, Receiver: [5]): [merge -> projection -> projection -> pre insert -> insert -> connect to MergeReceiver 13]
  Scope 7 (Magic: Merge, Receiver: [6]): [merge -> projection -> projection -> pre insert -> insert -> connect to MergeReceiver 14]
  Scope 8 (Magic: Merge, Receiver: [7]): [merge -> projection -> projection -> pre insert -> insert -> connect to MergeReceiver 15]
}
PreScope 0 8 0
PreScope 1 8 0
PreScope 2 8 0
PreScope 3 8 0
PreScope 4 8 0
PreScope 5 8 0
PreScope 6 8 0
PreScope 7 8 0
PreScope 0 1 1
{"level":"ERROR","time":"2024/04/30 07:16:15.784766 +0000","name":"cn-service","caller":"v2@v2.0.0-20231122095211-6a25dc9130ca/session.go:515","msg":"close conneciton failed","uuid":"30373561-6337-3535-3039-646538333161","name":"pipeline-server","session-id":1,"error":"close tcp4 10.158.9.57:6002->10.158.9.61:44748: use of closed network connection"}

Scope 1 (Magic: Merge, Receiver: [0]): [merge -> output]
  PreScopes: {
  Scope 1 (Magic: Normal, Receiver: []): [projection -> projection -> connect to MergeReceiver 0]
  DataSource: [],
}
PreScope 0 1 1

Scope 1 (Magic: Merge, Receiver: [0]): [merge -> output]
  PreScopes: {
  Scope 1 (Magic: Remote, Receiver: []): [restrict -> projection -> projection -> connect to MergeReceiver 0]
  DataSource: mo_catalog.mo_mysql_compatibility_mode[account_id variable_name variable_value system_variables],
}
PreScope 0 1 2
Before handleRuntimeFilter
Finish handleRuntimeFilter
TableScan Prepare
TableScan Free
{"level":"INFO","time":"2024/04/30 07:16:15.888791 +0000","name":"cn-service.frontend","caller":"frontend/routine_manager.go:490","msg":"mo accept connection, time cost of Created: 104.165µs, Establish: 943.648µs, UpgradeTLS: 0s, Authenticate: 939.011µs, SendErrPacket: 0s, SendOKPacket: 20.518µs, CheckTenant: 0s, CheckUser: 0s, CheckRole: 0s, CheckDbName: 0s, InitGlobalSysVar: 905.607µs","uuid":"30373561-6337-3535-3039-646538333161","session_info":"connectionId 1206|10.158.9.57:48148|{account sys:01d7f82f-d20d-4e9a-adce-35afaaf07c0d: -- 0:0:0}|goRoutineId 51889|018f2ddc-7d8f-7550-a303-80bb0ebba268"}
{"level":"INFO","time":"2024/04/30 07:16:15.888855 +0000","name":"cn-service.frontend","caller":"frontend/routine.go:264","msg":"mo received first request","uuid":"30373561-6337-3535-3039-646538333161","session_info":"connectionId 1206|10.158.9.57:48148|{account sys:01d7f82f-d20d-4e9a-adce-35afaaf07c0d:moadmin -- 0:4294967295:0}|goRoutineId 51889|018f2ddc-7d8f-7550-a303-80bb0ebba268"}

Scope 1 (Magic: Merge, Receiver: [0]): [merge -> output]
  PreScopes: {
  Scope 1 (Magic: Normal, Receiver: []): [projection -> projection -> connect to MergeReceiver 0]
  DataSource: [],
}
PreScope 0 1 1

Scope 1 (Magic: Merge, Receiver: [1]): [merge -> output]
  PreScopes: {
  Scope 1 (Magic: Merge, Receiver: [0]): [merge top -> projection -> projection -> connect to MergeReceiver 1]
    PreScopes: {
    Scope 1 (Magic: Remote, Receiver: []): [restrict -> projection -> top -> connect to MergeReceiver 0]
    DataSource: mo_task.sys_async_task[task_id task_metadata_id task_metadata_executor task_metadata_context task_metadata_option task_parent_id task_status task_runner task_epoch last_heartbeat result_code error_msg create_at end_at],
  }
}
PreScope 0 1 0
PreScope 0 1 2
Before handleRuntimeFilter
Finish handleRuntimeFilter
TableScan Prepare
TableScan Free

Scope 1 (Magic: Merge, Receiver: [0]): [merge -> dispatch to all of MergeReceiver [unknown, unknown, unknown, unknown, unknown, unknown].]
  PreScopes: {
  Scope 1 (Magic: Remote, Receiver: []): [restrict -> projection -> projection -> projection -> lockop -> connect to MergeReceiver 0]
  DataSource: mo_task.sys_async_task[task_id task_metadata_id task_metadata_executor task_metadata_context task_metadata_option task_parent_id task_status task_runner task_epoch last_heartbeat result_code error_msg create_at end_at __mo_rowid],
}
PreScope 0 1 2

Scope 1 (Magic: Merge, Receiver: [0]): [merge -> projection -> projection -> projection -> pre insert 2nd -> lockop -> projection -> insert]
Before handleRuntimeFilter
Finish handleRuntimeFilter

Scope 1 (Magic: Merge, Receiver: [0]): [merge -> projection -> projection -> projection -> pre insert 2nd -> lockop -> projection -> insert]

Scope 1 (Magic: Merge, Receiver: [1]): [merge -> delete]
  PreScopes: {
  Scope 1 (Magic: Merge, Receiver: [0]): [merge -> projection -> connect to MergeReceiver 1]
}
PreScope 0 1 0

Scope 1 (Magic: Merge, Receiver: [1]): [merge -> delete]
  PreScopes: {
  Scope 1 (Magic: Merge, Receiver: [0]): [merge -> projection -> lockop -> connect to MergeReceiver 1]
}
PreScope 0 1 0
TableScan Prepare

Scope 1 (Magic: Merge, Receiver: [0]): [merge -> projection -> projection -> projection -> pre insert 2nd -> lockop -> projection -> insert]

Scope 1 (Magic: Merge, Receiver: [4]): [merge -> dispatch to all of MergeReceiver [unknown, unknown].]
  PreScopes: {
  Scope 1 (Magic: Remote, Receiver: [2, 3]): [join -> connect to MergeReceiver 4]
    PreScopes: {
    Scope 1 (Magic: Remote, Receiver: []): [restrict -> projection -> connect to MergeReceiver 2]
    DataSource: mo_task.__mo_index_secondary_018f2dbd-3203-7245-a0fb-18437489ec28[__mo_index_idx_col __mo_index_pri_col __mo_rowid],
    Scope 2 (Magic: Merge, Receiver: [1]): [merge -> dispatch to all of MergeReceiver [3].]
      PreScopes: {
      Scope 1 (Magic: Merge, Receiver: [0]): [merge -> projection -> connect to MergeReceiver 1]
    }
  }
}
PreScope 0 1 2

Scope 1 (Magic: Merge, Receiver: [4]): [merge -> dispatch to all of MergeReceiver [unknown, unknown].]
  PreScopes: {
  Scope 1 (Magic: Remote, Receiver: [2, 3]): [join -> connect to MergeReceiver 4]
    PreScopes: {
    Scope 1 (Magic: Remote, Receiver: []): [restrict -> projection -> connect to MergeReceiver 2]
    DataSource: mo_task.__mo_index_secondary_018f2dbd-3208-7608-bea8-b3f89d51df16[__mo_index_idx_col __mo_index_pri_col __mo_rowid],
    Scope 2 (Magic: Merge, Receiver: [1]): [merge -> dispatch to all of MergeReceiver [3].]
      PreScopes: {
      Scope 1 (Magic: Merge, Receiver: [0]): [merge -> projection -> connect to MergeReceiver 1]
    }
  }
}
PreScope 0 1 2

Scope 1 (Magic: Merge, Receiver: [0]): [merge -> projection -> projection -> projection -> pre insert 2nd -> lockop -> projection -> insert]

Scope 1 (Magic: Merge, Receiver: [4]): [merge -> dispatch to all of MergeReceiver [unknown, unknown].]
  PreScopes: {
  Scope 1 (Magic: Remote, Receiver: [2, 3]): [join -> connect to MergeReceiver 4]
    PreScopes: {
    Scope 1 (Magic: Remote, Receiver: []): [restrict -> projection -> connect to MergeReceiver 2]
    DataSource: mo_task.__mo_index_secondary_018f2dbd-320c-7ce6-a1f7-fb305f2cb858[__mo_index_idx_col __mo_index_pri_col __mo_rowid],
    Scope 2 (Magic: Merge, Receiver: [1]): [merge -> dispatch to all of MergeReceiver [3].]
      PreScopes: {
      Scope 1 (Magic: Merge, Receiver: [0]): [merge -> projection -> connect to MergeReceiver 1]
    }
  }
}

Scope 1 (Magic: Merge, Receiver: [1]): [merge -> delete]
  PreScopes: {
  Scope 1 (Magic: Merge, Receiver: [0]): [merge -> projection -> lockop -> connect to MergeReceiver 1]
}
PreScope 0 1 0
PreScope 0 1 2

Scope 1 (Magic: Merge, Receiver: [1]): [merge -> delete]
  PreScopes: {
  Scope 1 (Magic: Merge, Receiver: [0]): [merge -> projection -> lockop -> connect to MergeReceiver 1]
}
PreScope 0 1 0
Start JoinRun 3 1

Scope 1 (Magic: Merge, Receiver: [0]): [merge -> projection -> projection -> pre insert -> projection -> insert]
Start JoinRun 3 1

Scope 1 (Magic: Merge, Receiver: [4]): [merge -> dispatch to all of MergeReceiver [unknown, unknown].]
  PreScopes: {
  Scope 1 (Magic: Remote, Receiver: [2, 3]): [join -> connect to MergeReceiver 4]
    PreScopes: {
    Scope 1 (Magic: Remote, Receiver: []): [restrict -> projection -> connect to MergeReceiver 2]
    DataSource: mo_task.__mo_index_secondary_018f2dbd-320f-7313-a169-15705eff9498[__mo_index_idx_col __mo_index_pri_col __mo_rowid],
    Scope 2 (Magic: Merge, Receiver: [1]): [merge -> dispatch to all of MergeReceiver [3].]
      PreScopes: {
      Scope 1 (Magic: Merge, Receiver: [0]): [merge -> projection -> connect to MergeReceiver 1]
    }
  }
}
PreScope 0 1 2
Start JoinRun 3 1
Start JoinRun 3 1

Scope 1 (Magic: Merge, Receiver: [1]): [merge -> delete]
  PreScopes: {
  Scope 1 (Magic: Merge, Receiver: [0]): [merge -> projection -> lockop -> connect to MergeReceiver 1]
}
PreScope 0 1 0
3 2
Join Run 7
PreScope 0 7 0
PreScope 1 7 0
PreScope 2 7 0
3 2
inner join prepare
inner join prepare
3 2
Join Run 7
3 2
PreScope 3 7 2
Join Run 7
inner join prepare
Join Run 7
PreScope 0 7 0
PreScope 0 7 0
PreScope 4 7 0
inner join prepare
PreScope 1 7 0
PreScope 5 7 0
PreScope 0 7 0
inner join prepare
PreScope 6 7 0
PreScope 1 7 0
PreScope 2 7 0
inner join prepare
PreScope 2 7 0
PreScope 3 7 2
PreScope 3 7 2
Before handleRuntimeFilter
PreScope 4 7 0
inner join prepare
PreScope 4 7 0
PreScope 5 7 0
Before handleRuntimeFilter
PreScope 5 7 0
PreScope 0 1 0
Before handleRuntimeFilter
PreScope 6 7 0
inner join prepare
PreScope 0 1 0
PreScope 6 7 0
PreScope 0 1 0
inner join prepare
PreScope 1 7 0
inner join prepare
inner join prepare
PreScope 2 7 0
PreScope 3 7 2
PreScope 4 7 0
PreScope 5 7 0
PreScope 6 7 0
inner join prepare
Before handleRuntimeFilter
PreScope 0 1 0
TableScan Free
hashbuild sendFilter End
ReceiveMessage  1
hashbuild sendFilter End
ReceiveMessage  1
Finish handleRuntimeFilter
TableScan Prepare
hashbuild sendFilter End
Finish handleRuntimeFilter
TableScan Prepare
hashbuild sendFilter End
ReceiveMessage  1
ReceiveMessage  1
Finish handleRuntimeFilter
TableScan Prepare
Finish handleRuntimeFilter
TableScan Prepare
TableScan Free
TableScan Free
inner join free
inner join free
inner join free
inner join free
inner join free
inner join free
TableScan Free
TableScan Free
inner join free
inner join free
inner join free
inner join free
inner join free
inner join free
{"level":"INFO","time":"2024/04/30 07:16:15.896283 +0000","caller":"frontend/routine.go:342","msg":"set query status on the connection 1196"}
