cnList Length  2
blkNum  0

Scope 1 (Magic: MergeInsert, Receiver: [8, 9, 10, 11, 12, 13, 14, 15]): [merge -> merge block]
  PreScopes: {
  Scope 1 (Magic: Merge, Receiver: [0]): [merge -> projection -> projection -> pre insert -> insert -> connect to MergeReceiver 8]
    PreScopes: {
    Scope 1 (Magic: Normal, Receiver: []): [external -> dispatch to any of MergeReceiver [0, 1, 2, 3, 4, 5, 6, 7].]
    DataSource: [],
  }
  Scope 2 (Magic: Merge, Receiver: [1]): [merge -> projection -> projection -> pre insert -> insert -> connect to MergeReceiver 9]
  Scope 3 (Magic: Merge, Receiver: [2]): [merge -> projection -> projection -> pre insert -> insert -> connect to MergeReceiver 10]
  Scope 4 (Magic: Merge, Receiver: [3]): [merge -> projection -> projection -> pre insert -> insert -> connect to MergeReceiver 11]
  Scope 5 (Magic: Merge, Receiver: [4]): [merge -> projection -> projection -> pre insert -> insert -> connect to MergeReceiver 12]
  Scope 6 (Magic: Merge, Receiver: [5]): [merge -> projection -> projection -> pre insert -> insert -> connect to MergeReceiver 13]
  Scope 7 (Magic: Merge, Receiver: [6]): [merge -> projection -> projection -> pre insert -> insert -> connect to MergeReceiver 14]
  Scope 8 (Magic: Merge, Receiver: [7]): [merge -> projection -> projection -> pre insert -> insert -> connect to MergeReceiver 15]
}
len(s.RemoteReceivRegInfos)  0 13
len(s.RemoteReceivRegInfos)  0 0
len(s.RemoteReceivRegInfos)  0 0
len(s.RemoteReceivRegInfos)  0 0
len(s.RemoteReceivRegInfos)  0 0
dispatch Prepare  8 0
len(s.RemoteReceivRegInfos)  0 0
len(s.RemoteReceivRegInfos)  0 0
len(s.RemoteReceivRegInfos)  0 0
len(s.RemoteReceivRegInfos)  0 0
cnList Length  2
blkNum  0

Scope 1 (Magic: Merge, Receiver: [0]): [merge -> output]
  PreScopes: {
  Scope 1 (Magic: Normal, Receiver: []): [projection -> projection -> connect to MergeReceiver 0]
  DataSource: [],
}
len(s.RemoteReceivRegInfos)  0 0
cnList Length  2
blkNum  1
Node_TableScan  1

Scope 1 (Magic: Merge, Receiver: [1]): [merge -> output]
  PreScopes: {
  Scope 1 (Magic: Merge, Receiver: [0]): [merge top -> projection -> projection -> connect to MergeReceiver 1]
    PreScopes: {
    Scope 1 (Magic: Remote, Receiver: []): [restrict -> projection -> top -> connect to MergeReceiver 0]
    DataSource: mo_task.sys_async_task[task_id task_metadata_id task_metadata_executor task_metadata_context task_metadata_option task_parent_id task_status task_runner task_epoch last_heartbeat result_code error_msg create_at end_at],
  }
}
len(s.RemoteReceivRegInfos)  0 0
len(s.RemoteReceivRegInfos)  0 0
Table Scan Prepare
Table Scan Free
cnList Length  2
blkNum  0

Scope 1 (Magic: Merge, Receiver: [0]): [merge -> output]
  PreScopes: {
  Scope 1 (Magic: Normal, Receiver: []): [projection -> projection -> connect to MergeReceiver 0]
  DataSource: [],
}
len(s.RemoteReceivRegInfos)  0 0
cnList Length  2
blkNum  1
Node_TableScan  1

Scope 1 (Magic: Merge, Receiver: [1]): [merge -> output]
  PreScopes: {
  Scope 1 (Magic: Merge, Receiver: [0]): [merge order -> projection -> projection -> connect to MergeReceiver 1]
    PreScopes: {
    Scope 1 (Magic: Remote, Receiver: []): [restrict -> projection -> order -> connect to MergeReceiver 0]
    DataSource: mo_task.sys_daemon_task[task_id task_metadata_id task_metadata_executor task_metadata_context task_metadata_option account_id account task_type task_runner task_status last_heartbeat create_at update_at end_at last_run details],
  }
}
len(s.RemoteReceivRegInfos)  0 0
len(s.RemoteReceivRegInfos)  0 0
Table Scan Prepare
Table Scan Free
cnList Length  2
blkNum  0

Scope 1 (Magic: Merge, Receiver: [0]): [merge -> output]
  PreScopes: {
  Scope 1 (Magic: Normal, Receiver: []): [projection -> projection -> connect to MergeReceiver 0]
  DataSource: [],
}
len(s.RemoteReceivRegInfos)  0 0
cnList Length  2
blkNum  1
Node_TableScan  1

Scope 1 (Magic: Merge, Receiver: [1]): [merge -> output]
  PreScopes: {
  Scope 1 (Magic: Merge, Receiver: [0]): [merge order -> projection -> projection -> connect to MergeReceiver 1]
    PreScopes: {
    Scope 1 (Magic: Remote, Receiver: []): [restrict -> projection -> order -> connect to MergeReceiver 0]
    DataSource: mo_task.sys_daemon_task[task_id task_metadata_id task_metadata_executor task_metadata_context task_metadata_option account_id account task_type task_runner task_status last_heartbeat create_at update_at end_at last_run details],
  }
}
len(s.RemoteReceivRegInfos)  0 0
len(s.RemoteReceivRegInfos)  0 0
Table Scan Prepare
Table Scan Free
cnList Length  2
blkNum  0

Scope 1 (Magic: Merge, Receiver: [0]): [merge -> output]
  PreScopes: {
  Scope 1 (Magic: Normal, Receiver: []): [projection -> projection -> connect to MergeReceiver 0]
  DataSource: [],
}
len(s.RemoteReceivRegInfos)  0 0
cnList Length  2
blkNum  1
Node_TableScan  1

Scope 1 (Magic: Merge, Receiver: [1]): [merge -> output]
  PreScopes: {
  Scope 1 (Magic: Merge, Receiver: [0]): [merge order -> projection -> projection -> connect to MergeReceiver 1]
    PreScopes: {
    Scope 1 (Magic: Remote, Receiver: []): [restrict -> projection -> order -> connect to MergeReceiver 0]
    DataSource: mo_task.sys_daemon_task[task_id task_metadata_id task_metadata_executor task_metadata_context task_metadata_option account_id account task_type task_runner task_status last_heartbeat create_at update_at end_at last_run details],
  }
}
len(s.RemoteReceivRegInfos)  0 0
len(s.RemoteReceivRegInfos)  0 0
Table Scan Prepare
Table Scan Free
cnList Length  2
blkNum  0

Scope 1 (Magic: Merge, Receiver: [0]): [merge -> output]
  PreScopes: {
  Scope 1 (Magic: Normal, Receiver: []): [projection -> projection -> connect to MergeReceiver 0]
  DataSource: [],
}
len(s.RemoteReceivRegInfos)  0 0
cnList Length  2
blkNum  1
Node_TableScan  1

Scope 1 (Magic: Merge, Receiver: [1]): [merge -> output]
  PreScopes: {
  Scope 1 (Magic: Merge, Receiver: [0]): [merge order -> projection -> projection -> connect to MergeReceiver 1]
    PreScopes: {
    Scope 1 (Magic: Remote, Receiver: []): [restrict -> projection -> order -> connect to MergeReceiver 0]
    DataSource: mo_task.sys_daemon_task[task_id task_metadata_id task_metadata_executor task_metadata_context task_metadata_option account_id account task_type task_runner task_status last_heartbeat create_at update_at end_at last_run details],
  }
}
len(s.RemoteReceivRegInfos)  0 0
len(s.RemoteReceivRegInfos)  0 0
Table Scan Prepare
Table Scan Free
cnList Length  2
blkNum  0

Scope 1 (Magic: Merge, Receiver: [0]): [merge -> output]
  PreScopes: {
  Scope 1 (Magic: Normal, Receiver: []): [projection -> projection -> connect to MergeReceiver 0]
  DataSource: [],
}
len(s.RemoteReceivRegInfos)  0 0
cnList Length  2
blkNum  1
Node_TableScan  1

Scope 1 (Magic: Merge, Receiver: [1]): [merge -> output]
  PreScopes: {
  Scope 1 (Magic: Merge, Receiver: [0]): [merge order -> projection -> projection -> connect to MergeReceiver 1]
    PreScopes: {
    Scope 1 (Magic: Remote, Receiver: []): [restrict -> projection -> order -> connect to MergeReceiver 0]
    DataSource: mo_task.sys_daemon_task[task_id task_metadata_id task_metadata_executor task_metadata_context task_metadata_option account_id account task_type task_runner task_status last_heartbeat create_at update_at end_at last_run details],
  }
}
len(s.RemoteReceivRegInfos)  0 0
len(s.RemoteReceivRegInfos)  0 0
Table Scan Prepare
Table Scan Free
cnList Length  2
blkNum  0

Scope 1 (Magic: Merge, Receiver: [0]): [merge -> output]
  PreScopes: {
  Scope 1 (Magic: Normal, Receiver: []): [projection -> projection -> connect to MergeReceiver 0]
  DataSource: [],
}
len(s.RemoteReceivRegInfos)  0 0
cnList Length  2
blkNum  1
Node_TableScan  1

Scope 1 (Magic: Merge, Receiver: [1]): [merge -> output]
  PreScopes: {
  Scope 1 (Magic: Merge, Receiver: [0]): [merge order -> projection -> projection -> connect to MergeReceiver 1]
    PreScopes: {
    Scope 1 (Magic: Remote, Receiver: []): [restrict -> projection -> order -> connect to MergeReceiver 0]
    DataSource: mo_task.sys_daemon_task[task_id task_metadata_id task_metadata_executor task_metadata_context task_metadata_option account_id account task_type task_runner task_status last_heartbeat create_at update_at end_at last_run details],
  }
}
len(s.RemoteReceivRegInfos)  0 0
len(s.RemoteReceivRegInfos)  0 0
Table Scan Prepare
Table Scan Free
cnList Length  2
blkNum  0

Scope 1 (Magic: Merge, Receiver: [0]): [merge -> output]
  PreScopes: {
  Scope 1 (Magic: Normal, Receiver: []): [projection -> projection -> connect to MergeReceiver 0]
  DataSource: [],
}
len(s.RemoteReceivRegInfos)  0 0
cnList Length  2
blkNum  1
Node_TableScan  1

Scope 1 (Magic: Merge, Receiver: [1]): [merge -> output]
  PreScopes: {
  Scope 1 (Magic: Merge, Receiver: [0]): [merge order -> projection -> projection -> connect to MergeReceiver 1]
    PreScopes: {
    Scope 1 (Magic: Remote, Receiver: []): [restrict -> projection -> order -> connect to MergeReceiver 0]
    DataSource: mo_task.sys_daemon_task[task_id task_metadata_id task_metadata_executor task_metadata_context task_metadata_option account_id account task_type task_runner task_status last_heartbeat create_at update_at end_at last_run details],
  }
}
len(s.RemoteReceivRegInfos)  0 0
len(s.RemoteReceivRegInfos)  0 0
Table Scan Prepare
Table Scan Free
{"level":"INFO","time":"2024/04/18 05:49:53.408471 +0000","name":"cn-service.StatsLog","caller":"mometric/stats_log_writer.go:91","msg":"fs:CN:65663033-3033-3636-3633-663135383231:SHARED","uuid":"65663033-3033-3636-3633-663135383231","FileService Cache Hit Rate":0.8,"FileService Cache Disk Hit Rate":0.9142857142857143,"FileService.S3.Head":33,"FileService.S3.Put":33,"FileService.S3.Get":3,"FileService.Cache.Read":40,"FileService.Cache.Hit":32,"FileService.Cache.Memory.Read":5,"FileService.Cache.Disk.Read":35,"FileService.Cache.Disk.Hit":32,"FileService.Cache.Disk.OpenFullFile":32}
{"level":"INFO","time":"2024/04/18 05:49:53.408525 +0000","name":"cn-service.StatsLog","caller":"mometric/stats_log_writer.go:121","msg":"duration: 15000000000, blk hit rate: 0/5=0.0000, entry hit rate: 8/13=0.6154, (average) blks in each reader: 5/5=1.0000","uuid":"65663033-3033-3636-3633-663135383231"}
cnList Length  2
blkNum  0

Scope 1 (Magic: MergeInsert, Receiver: [8, 9, 10, 11, 12, 13, 14, 15]): [merge -> merge block]
  PreScopes: {
  Scope 1 (Magic: Merge, Receiver: [0]): [merge -> projection -> projection -> pre insert -> insert -> connect to MergeReceiver 8]
    PreScopes: {
    Scope 1 (Magic: Normal, Receiver: []): [external -> dispatch to any of MergeReceiver [0, 1, 2, 3, 4, 5, 6, 7].]
    DataSource: [],
  }
  Scope 2 (Magic: Merge, Receiver: [1]): [merge -> projection -> projection -> pre insert -> insert -> connect to MergeReceiver 9]
  Scope 3 (Magic: Merge, Receiver: [2]): [merge -> projection -> projection -> pre insert -> insert -> connect to MergeReceiver 10]
  Scope 4 (Magic: Merge, Receiver: [3]): [merge -> projection -> projection -> pre insert -> insert -> connect to MergeReceiver 11]
  Scope 5 (Magic: Merge, Receiver: [4]): [merge -> projection -> projection -> pre insert -> insert -> connect to MergeReceiver 12]
  Scope 6 (Magic: Merge, Receiver: [5]): [merge -> projection -> projection -> pre insert -> insert -> connect to MergeReceiver 13]
  Scope 7 (Magic: Merge, Receiver: [6]): [merge -> projection -> projection -> pre insert -> insert -> connect to MergeReceiver 14]
  Scope 8 (Magic: Merge, Receiver: [7]): [merge -> projection -> projection -> pre insert -> insert -> connect to MergeReceiver 15]
}
len(s.RemoteReceivRegInfos)  0 13
len(s.RemoteReceivRegInfos)  0 0
len(s.RemoteReceivRegInfos)  0 0
len(s.RemoteReceivRegInfos)  0 0
len(s.RemoteReceivRegInfos)  0 0
len(s.RemoteReceivRegInfos)  0 0
len(s.RemoteReceivRegInfos)  0 0
len(s.RemoteReceivRegInfos)  0 0
len(s.RemoteReceivRegInfos)  0 0
dispatch Prepare  8 0
cnList Length  2
blkNum  0

Scope 1 (Magic: MergeInsert, Receiver: [8, 9, 10, 11, 12, 13, 14, 15]): [merge -> merge block]
  PreScopes: {
  Scope 1 (Magic: Merge, Receiver: [0]): [merge -> projection -> projection -> pre insert -> insert -> connect to MergeReceiver 8]
    PreScopes: {
    Scope 1 (Magic: Normal, Receiver: []): [external -> dispatch to any of MergeReceiver [0, 1, 2, 3, 4, 5, 6, 7].]
    DataSource: [],
  }
  Scope 2 (Magic: Merge, Receiver: [1]): [merge -> projection -> projection -> pre insert -> insert -> connect to MergeReceiver 9]
  Scope 3 (Magic: Merge, Receiver: [2]): [merge -> projection -> projection -> pre insert -> insert -> connect to MergeReceiver 10]
  Scope 4 (Magic: Merge, Receiver: [3]): [merge -> projection -> projection -> pre insert -> insert -> connect to MergeReceiver 11]
  Scope 5 (Magic: Merge, Receiver: [4]): [merge -> projection -> projection -> pre insert -> insert -> connect to MergeReceiver 12]
  Scope 6 (Magic: Merge, Receiver: [5]): [merge -> projection -> projection -> pre insert -> insert -> connect to MergeReceiver 13]
  Scope 7 (Magic: Merge, Receiver: [6]): [merge -> projection -> projection -> pre insert -> insert -> connect to MergeReceiver 14]
  Scope 8 (Magic: Merge, Receiver: [7]): [merge -> projection -> projection -> pre insert -> insert -> connect to MergeReceiver 15]
}
len(s.RemoteReceivRegInfos)  0 13
len(s.RemoteReceivRegInfos)  0 0
len(s.RemoteReceivRegInfos)  0 0
len(s.RemoteReceivRegInfos)  0 0
len(s.RemoteReceivRegInfos)  0 0
len(s.RemoteReceivRegInfos)  0 0
len(s.RemoteReceivRegInfos)  0 0
len(s.RemoteReceivRegInfos)  0 0
len(s.RemoteReceivRegInfos)  0 0
dispatch Prepare  8 0
gc 30 @76.241s 0%: 0.030+10+0.015 ms clock, 0.24+0.099/20/51+0.12 ms cpu, 373->379->198 MB, 393 MB goal, 0 MB stacks, 0 MB globals, 8 P
cnList Length  2
blkNum  0

Scope 1 (Magic: MergeInsert, Receiver: [8, 9, 10, 11, 12, 13, 14, 15]): [merge -> merge block]
  PreScopes: {
  Scope 1 (Magic: Merge, Receiver: [0]): [merge -> projection -> projection -> pre insert -> insert -> connect to MergeReceiver 8]
    PreScopes: {
    Scope 1 (Magic: Normal, Receiver: []): [external -> dispatch to any of MergeReceiver [0, 1, 2, 3, 4, 5, 6, 7].]
    DataSource: [],
  }
  Scope 2 (Magic: Merge, Receiver: [1]): [merge -> projection -> projection -> pre insert -> insert -> connect to MergeReceiver 9]
  Scope 3 (Magic: Merge, Receiver: [2]): [merge -> projection -> projection -> pre insert -> insert -> connect to MergeReceiver 10]
  Scope 4 (Magic: Merge, Receiver: [3]): [merge -> projection -> projection -> pre insert -> insert -> connect to MergeReceiver 11]
  Scope 5 (Magic: Merge, Receiver: [4]): [merge -> projection -> projection -> pre insert -> insert -> connect to MergeReceiver 12]
  Scope 6 (Magic: Merge, Receiver: [5]): [merge -> projection -> projection -> pre insert -> insert -> connect to MergeReceiver 13]
  Scope 7 (Magic: Merge, Receiver: [6]): [merge -> projection -> projection -> pre insert -> insert -> connect to MergeReceiver 14]
  Scope 8 (Magic: Merge, Receiver: [7]): [merge -> projection -> projection -> pre insert -> insert -> connect to MergeReceiver 15]
}
len(s.RemoteReceivRegInfos)  0 13
len(s.RemoteReceivRegInfos)  0 0
len(s.RemoteReceivRegInfos)  0 0
len(s.RemoteReceivRegInfos)  0 0
len(s.RemoteReceivRegInfos)  0 0
len(s.RemoteReceivRegInfos)  0 0
len(s.RemoteReceivRegInfos)  0 0
len(s.RemoteReceivRegInfos)  0 0
dispatch Prepare  8 0
len(s.RemoteReceivRegInfos)  0 0
cnList Length  2
blkNum  1
Node_TableScan  1
!!!!! dispatch.SendToAllLocalFunc

Scope 1 (Magic: Merge, Receiver: [0]): [merge -> projection -> projection -> pre insert -> projection -> insert]
len(s.RemoteReceivRegInfos)  0 0

Scope 1 (Magic: Merge, Receiver: [0]): [merge -> dispatch to all of MergeReceiver [unknown, unknown].]
  PreScopes: {
  Scope 1 (Magic: Remote, Receiver: []): [restrict -> projection -> projection -> projection -> lockop -> connect to MergeReceiver 0]
  DataSource: mo_catalog.mo_mysql_compatibility_mode[configuration_id account_id account_name dat_name variable_name variable_value system_variables __mo_rowid],
}
len(s.RemoteReceivRegInfos)  0 0
dispatch Prepare  2 0

Scope 1 (Magic: Merge, Receiver: [1]): [merge -> delete]
  PreScopes: {
  Scope 1 (Magic: Merge, Receiver: [0]): [merge -> projection -> connect to MergeReceiver 1]
}
len(s.RemoteReceivRegInfos)  0 0
len(s.RemoteReceivRegInfos)  0 0
Table Scan Prepare
Table Scan Free
cnList Length  2
blkNum  1
Node_TableScan  1

Scope 1 (Magic: Merge, Receiver: [0]): [merge -> output]
  PreScopes: {
  Scope 1 (Magic: Remote, Receiver: []): [restrict -> projection -> projection -> connect to MergeReceiver 0]
  DataSource: mo_catalog.mo_mysql_compatibility_mode[account_id variable_name variable_value system_variables],
}
len(s.RemoteReceivRegInfos)  0 0
Table Scan Prepare
Table Scan Free
{"level":"INFO","time":"2024/04/18 05:49:54.514959 +0000","name":"cn-service.frontend","caller":"frontend/routine_manager.go:507","msg":"mo accept connection, time cost of Created: 124.224µs, Establish: 6.579254ms, UpgradeTLS: 0s, Authenticate: 6.573643ms, SendErrPacket: 0s, SendOKPacket: 21.06µs, CheckTenant: 0s, CheckUser: 0s, CheckRole: 0s, CheckDbName: 0s, InitGlobalSysVar: 6.536684ms","uuid":"65663033-3033-3636-3633-663135383231","session_info":"connectionId 119|10.158.5.73:43148|{account sys:mo_logger: -- 0:0:0}|goRoutineId 1464|018eefc1-1dcc-7335-8154-4dfce1434f06"}
{"level":"INFO","time":"2024/04/18 05:49:54.515195 +0000","name":"cn-service.frontend","caller":"frontend/routine.go:274","msg":"mo received first request","uuid":"65663033-3033-3636-3633-663135383231","session_info":"connectionId 119|10.158.5.73:43148|{account sys:mo_logger:moadmin -- 0:4294967295:0}|goRoutineId 1464|018eefc1-1dcc-7335-8154-4dfce1434f06"}
cnList Length  2
blkNum  0

Scope 1 (Magic: Merge, Receiver: [0]): [merge -> output]
  PreScopes: {
  Scope 1 (Magic: Normal, Receiver: []): [projection -> projection -> connect to MergeReceiver 0]
  DataSource: [],
}
len(s.RemoteReceivRegInfos)  0 0
cnList Length  2
blkNum  0

Scope 1 (Magic: MergeInsert, Receiver: [8, 9, 10, 11, 12, 13, 14, 15]): [merge -> merge block]
  PreScopes: {
  Scope 1 (Magic: Merge, Receiver: [0]): [merge -> projection -> projection -> pre insert -> insert -> connect to MergeReceiver 8]
    PreScopes: {
    Scope 1 (Magic: Normal, Receiver: []): [external -> dispatch to any of MergeReceiver [0, 1, 2, 3, 4, 5, 6, 7].]
    DataSource: [],
  }
  Scope 2 (Magic: Merge, Receiver: [1]): [merge -> projection -> projection -> pre insert -> insert -> connect to MergeReceiver 9]
  Scope 3 (Magic: Merge, Receiver: [2]): [merge -> projection -> projection -> pre insert -> insert -> connect to MergeReceiver 10]
  Scope 4 (Magic: Merge, Receiver: [3]): [merge -> projection -> projection -> pre insert -> insert -> connect to MergeReceiver 11]
  Scope 5 (Magic: Merge, Receiver: [4]): [merge -> projection -> projection -> pre insert -> insert -> connect to MergeReceiver 12]
  Scope 6 (Magic: Merge, Receiver: [5]): [merge -> projection -> projection -> pre insert -> insert -> connect to MergeReceiver 13]
  Scope 7 (Magic: Merge, Receiver: [6]): [merge -> projection -> projection -> pre insert -> insert -> connect to MergeReceiver 14]
  Scope 8 (Magic: Merge, Receiver: [7]): [merge -> projection -> projection -> pre insert -> insert -> connect to MergeReceiver 15]
}
len(s.RemoteReceivRegInfos)  0 13
len(s.RemoteReceivRegInfos)  0 0
len(s.RemoteReceivRegInfos)  0 0
len(s.RemoteReceivRegInfos)  0 0
len(s.RemoteReceivRegInfos)  0 0
len(s.RemoteReceivRegInfos)  0 0
len(s.RemoteReceivRegInfos)  0 0
len(s.RemoteReceivRegInfos)  0 0
len(s.RemoteReceivRegInfos)  0 0
dispatch Prepare  8 0
cnList Length  2
blkNum  0

Scope 1 (Magic: MergeInsert, Receiver: [8, 9, 10, 11, 12, 13, 14, 15]): [merge -> merge block]
  PreScopes: {
  Scope 1 (Magic: Merge, Receiver: [0]): [merge -> projection -> projection -> pre insert -> insert -> connect to MergeReceiver 8]
    PreScopes: {
    Scope 1 (Magic: Normal, Receiver: []): [external -> dispatch to any of MergeReceiver [0, 1, 2, 3, 4, 5, 6, 7].]
    DataSource: [],
  }
  Scope 2 (Magic: Merge, Receiver: [1]): [merge -> projection -> projection -> pre insert -> insert -> connect to MergeReceiver 9]
  Scope 3 (Magic: Merge, Receiver: [2]): [merge -> projection -> projection -> pre insert -> insert -> connect to MergeReceiver 10]
  Scope 4 (Magic: Merge, Receiver: [3]): [merge -> projection -> projection -> pre insert -> insert -> connect to MergeReceiver 11]
  Scope 5 (Magic: Merge, Receiver: [4]): [merge -> projection -> projection -> pre insert -> insert -> connect to MergeReceiver 12]
  Scope 6 (Magic: Merge, Receiver: [5]): [merge -> projection -> projection -> pre insert -> insert -> connect to MergeReceiver 13]
  Scope 7 (Magic: Merge, Receiver: [6]): [merge -> projection -> projection -> pre insert -> insert -> connect to MergeReceiver 14]
  Scope 8 (Magic: Merge, Receiver: [7]): [merge -> projection -> projection -> pre insert -> insert -> connect to MergeReceiver 15]
}
len(s.RemoteReceivRegInfos)  0 13
len(s.RemoteReceivRegInfos)  0 0
len(s.RemoteReceivRegInfos)  0 0
len(s.RemoteReceivRegInfos)  0 0
len(s.RemoteReceivRegInfos)  0 0
len(s.RemoteReceivRegInfos)  0 0
dispatch Prepare  8 0
len(s.RemoteReceivRegInfos)  0 0
len(s.RemoteReceivRegInfos)  0 0
len(s.RemoteReceivRegInfos)  0 0
gc 31 @77.300s 0%: 0.036+9.5+0.013 ms clock, 0.28+0.12/18/43+0.11 ms cpu, 376->381->194 MB, 397 MB goal, 0 MB stacks, 0 MB globals, 8 P
cnList Length  2
blkNum  0

Scope 1 (Magic: MergeInsert, Receiver: [8, 9, 10, 11, 12, 13, 14, 15]): [merge -> merge block]
  PreScopes: {
  Scope 1 (Magic: Merge, Receiver: [0]): [merge -> projection -> projection -> pre insert -> insert -> connect to MergeReceiver 8]
    PreScopes: {
    Scope 1 (Magic: Normal, Receiver: []): [external -> dispatch to any of MergeReceiver [0, 1, 2, 3, 4, 5, 6, 7].]
    DataSource: [],
  }
  Scope 2 (Magic: Merge, Receiver: [1]): [merge -> projection -> projection -> pre insert -> insert -> connect to MergeReceiver 9]
  Scope 3 (Magic: Merge, Receiver: [2]): [merge -> projection -> projection -> pre insert -> insert -> connect to MergeReceiver 10]
  Scope 4 (Magic: Merge, Receiver: [3]): [merge -> projection -> projection -> pre insert -> insert -> connect to MergeReceiver 11]
  Scope 5 (Magic: Merge, Receiver: [4]): [merge -> projection -> projection -> pre insert -> insert -> connect to MergeReceiver 12]
  Scope 6 (Magic: Merge, Receiver: [5]): [merge -> projection -> projection -> pre insert -> insert -> connect to MergeReceiver 13]
  Scope 7 (Magic: Merge, Receiver: [6]): [merge -> projection -> projection -> pre insert -> insert -> connect to MergeReceiver 14]
  Scope 8 (Magic: Merge, Receiver: [7]): [merge -> projection -> projection -> pre insert -> insert -> connect to MergeReceiver 15]
}
len(s.RemoteReceivRegInfos)  0 13
len(s.RemoteReceivRegInfos)  0 0
len(s.RemoteReceivRegInfos)  0 0
len(s.RemoteReceivRegInfos)  0 0
len(s.RemoteReceivRegInfos)  0 0
len(s.RemoteReceivRegInfos)  0 0
len(s.RemoteReceivRegInfos)  0 0
len(s.RemoteReceivRegInfos)  0 0
len(s.RemoteReceivRegInfos)  0 0
dispatch Prepare  8 0
{"level":"ERROR","time":"2024/04/18 05:49:54.572626 +0000","caller":"types/datetime.go:191","msg":"error: invalid input: invalid datetime value \"\"materielName\"\": \"\"片状电阻\"\""}
{"level":"ERROR","time":"2024/04/18 05:49:54.572674 +0000","caller":"external/external.go:1258","msg":"parse field[\"\"materielName\"\": \"\"片状电阻\"\"] err:invalid input: invalid datetime value \"\"materielName\"\": \"\"片状电阻\"\""}
{"level":"ERROR","time":"2024/04/18 05:49:54.572715 +0000","caller":"external/external.go:1259","msg":"error: internal error: the input value '\"\"materielName\"\": \"\"片状电阻\"\"' is not Datetime type for column 12","span":{"trace_id":"214eba6e-c8d0-0888-78e1-265d097153a7","span_id":"ffa458247ececb0b"}}
! decodeScope

Scope 1 (Magic: Merge, Receiver: [4]): [merge -> output]
  PreScopes: {
  Scope 1 (Magic: Remote, Receiver: [2, 3(018eefc1-1ec1-73c3-9a4a-e448682b40fb)]): [join -> group -> connect to MergeReceiver 4]
    PreScopes: {
    Scope 1 (Magic: Remote, Receiver: [0, 1(018eefc1-1ec1-79d2-9db8-43280267454a)]): [unknown -> connect to MergeReceiver 2]
      PreScopes: {
      Scope 1 (Magic: Remote, Receiver: []): [restrict -> projection -> connect to MergeReceiver 0]
      DataSource: jh_etao_wms.t_materiel[id reel_id part_no stock_num],
    }
  }
}
len(s.RemoteReceivRegInfos)  0 0
len(s.RemoteReceivRegInfos)  0 0
len(s.RemoteReceivRegInfos)  0 0
Inner Join Prepare 352
len(s.RemoteReceivRegInfos)  0 0
dispatch Prepare  8 0
len(s.RemoteReceivRegInfos)  0 0
Inner Join Prepare 352
ReceiveFromSingleReg 0xc00e46af00
len(s.RemoteReceivRegInfos)  0 0
Inner Join Prepare 352
ReceiveFromSingleReg 0xc00e46b020
ReceiveFromSingleReg 0xc00e46aa80
len(s.RemoteReceivRegInfos)  0 0
len(s.RemoteReceivRegInfos)  0 0
Inner Join Prepare 352
len(s.RemoteReceivRegInfos)  0 0
Inner Join Prepare 352
len(s.RemoteReceivRegInfos)  0 0
Inner Join Prepare 352
ReceiveFromSingleReg 0xc00e46ade0
Inner Join Prepare 352
ReceiveFromSingleReg 0xc00e46b260
ReceiveFromSingleReg 0xc00e46acc0
ReceiveFromSingleReg 0xc00e46b140
len(s.RemoteReceivRegInfos)  0 0
Inner Join Prepare 352
ReceiveFromSingleReg 0xc00e46aba0
len(s.RemoteReceivRegInfos)  0 0
len(s.RemoteReceivRegInfos)  1 0
before notifyAndReceiveFromRemote  0
after notifyAndReceiveFromRemote
dispatch Prepare  8 0
ReceiveFromSingleReg 0xc00e46a7e0
len(s.RemoteReceivRegInfos)  0 0
ReceiveFromSingleReg 0xc00d87e4e0
len(s.RemoteReceivRegInfos)  0 0
ReceiveFromSingleReg 0xc00e46ba40
len(s.RemoteReceivRegInfos)  0 0
ReceiveFromSingleReg 0xc00e46bb60
len(s.RemoteReceivRegInfos)  1 0
before notifyAndReceiveFromRemote  0
after notifyAndReceiveFromRemote
len(s.RemoteReceivRegInfos)  0 0
dispatch Prepare  8 0
len(s.RemoteReceivRegInfos)  0 0
len(s.RemoteReceivRegInfos)  0 0
ReceiveFromSingleReg 0xc00e46a8a0
len(s.RemoteReceivRegInfos)  0 0
len(s.RemoteReceivRegInfos)  0 0
dispatch Prepare  8 0
len(s.RemoteReceivRegInfos)  0 0
ReceiveFromSingleReg 0xc00e46bda0
ReceiveFromSingleReg 0xc00e46bc80
ReceiveFromSingleReg 0xc00d87ee40
ReceiveFromSingleReg 0xc00d87eb40
ReceiveFromSingleReg 0xc00e46bec0
????? EndMesaage
after receiveMsgAndForward
put nil into reg.Ch 0xc00e46a7e0
after closeWithError  0
{"level":"INFO","time":"2024/04/18 05:49:54.791424 +0000","name":"cn-backend","caller":"morpc/backend.go:1117","msg":"stream call closed on client","remote":"10.158.5.84:6002","backend-id":"018eefc0-1319-7740-bcdc-5fd275fa6137","stream-id":77}
{"level":"ERROR","time":"2024/04/18 05:49:54.791486 +0000","name":"cn-backend","caller":"morpc/backend.go:572","msg":"read from backend failed","remote":"10.158.5.84:6002","backend-id":"018eefc0-1319-7740-bcdc-5fd275fa6137","error":"read tcp4 10.158.5.85:46032->10.158.5.84:6002: use of closed network connection"}
{"level":"ERROR","time":"2024/04/18 05:49:54.791532 +0000","name":"cn-backend","caller":"morpc/backend.go:576","msg":"read loop stopped","remote":"10.158.5.84:6002","backend-id":"018eefc0-1319-7740-bcdc-5fd275fa6137"}
{"level":"ERROR","time":"2024/04/18 05:49:54.791547 +0000","name":"cn-backend","caller":"v2@v2.0.0-20231122095211-6a25dc9130ca/session.go:515","msg":"close conneciton failed","remote":"10.158.5.84:6002","backend-id":"018eefc0-1319-7740-bcdc-5fd275fa6137","session-id":0,"error":"close tcp4 10.158.5.85:46032->10.158.5.84:6002: use of closed network connection"}
????? EndMesaage
after receiveMsgAndForward
put nil into reg.Ch 0xc00e46a8a0
after closeWithError  0
{"level":"INFO","time":"2024/04/18 05:49:54.791613 +0000","name":"cn-backend","caller":"morpc/backend.go:1117","msg":"stream call closed on client","remote":"10.158.5.84:6002","backend-id":"018eefc1-1ec2-7a7a-92ef-8fd497eafe48","stream-id":1}
{"level":"ERROR","time":"2024/04/18 05:49:54.791665 +0000","name":"cn-backend","caller":"morpc/backend.go:572","msg":"read from backend failed","remote":"10.158.5.84:6002","backend-id":"018eefc1-1ec2-7a7a-92ef-8fd497eafe48","error":"read tcp4 10.158.5.85:46412->10.158.5.84:6002: use of closed network connection"}
Table Scan Prepare
{"level":"ERROR","time":"2024/04/18 05:49:54.791708 +0000","name":"cn-backend","caller":"morpc/backend.go:576","msg":"read loop stopped","remote":"10.158.5.84:6002","backend-id":"018eefc1-1ec2-7a7a-92ef-8fd497eafe48"}
Table Scan Free
{"level":"ERROR","time":"2024/04/18 05:49:54.791726 +0000","name":"cn-backend","caller":"v2@v2.0.0-20231122095211-6a25dc9130ca/session.go:515","msg":"close conneciton failed","remote":"10.158.5.84:6002","backend-id":"018eefc1-1ec2-7a7a-92ef-8fd497eafe48","session-id":0,"error":"close tcp4 10.158.5.85:46412->10.158.5.84:6002: use of closed network connection"}
cnList Length  2
blkNum  1
Node_TableScan  1
!!!!! dispatch.SendToAllLocalFunc

Scope 1 (Magic: Merge, Receiver: [0]): [merge -> projection -> projection -> pre insert -> projection -> insert]
len(s.RemoteReceivRegInfos)  0 0

Scope 1 (Magic: Merge, Receiver: [1]): [merge -> delete]
  PreScopes: {
  Scope 1 (Magic: Merge, Receiver: [0]): [merge -> projection -> connect to MergeReceiver 1]
}
len(s.RemoteReceivRegInfos)  0 0

Scope 1 (Magic: Merge, Receiver: [0]): [merge -> dispatch to all of MergeReceiver [unknown, unknown].]
  PreScopes: {
  Scope 1 (Magic: Remote, Receiver: []): [restrict -> projection -> projection -> projection -> lockop -> connect to MergeReceiver 0]
  DataSource: mo_catalog.mo_mysql_compatibility_mode[configuration_id account_id account_name dat_name variable_name variable_value system_variables __mo_rowid],
}
len(s.RemoteReceivRegInfos)  0 0
dispatch Prepare  2 0
len(s.RemoteReceivRegInfos)  0 0
Table Scan Prepare
Table Scan Free
cnList Length  2
blkNum  1
Node_TableScan  1

Scope 1 (Magic: Merge, Receiver: [0]): [merge -> output]
  PreScopes: {
  Scope 1 (Magic: Remote, Receiver: []): [restrict -> projection -> projection -> connect to MergeReceiver 0]
  DataSource: mo_catalog.mo_mysql_compatibility_mode[account_id variable_name variable_value system_variables],
}
len(s.RemoteReceivRegInfos)  0 0
Table Scan Prepare
Table Scan Free
{"level":"INFO","time":"2024/04/18 05:49:56.114419 +0000","name":"cn-service.frontend","caller":"frontend/routine_manager.go:507","msg":"mo accept connection, time cost of Created: 108.635µs, Establish: 6.960963ms, UpgradeTLS: 0s, Authenticate: 6.955643ms, SendErrPacket: 0s, SendOKPacket: 19.076µs, CheckTenant: 0s, CheckUser: 0s, CheckRole: 0s, CheckDbName: 0s, InitGlobalSysVar: 6.920556ms","uuid":"65663033-3033-3636-3633-663135383231","session_info":"connectionId 120|10.158.5.71:54012|{account sys:mo_logger: -- 0:0:0}|goRoutineId 1541|018eefc1-240b-7c07-8e7a-fcd510fb22d8"}
{"level":"INFO","time":"2024/04/18 05:49:56.114685 +0000","name":"cn-service.frontend","caller":"frontend/routine.go:274","msg":"mo received first request","uuid":"65663033-3033-3636-3633-663135383231","session_info":"connectionId 120|10.158.5.71:54012|{account sys:mo_logger:moadmin -- 0:4294967295:0}|goRoutineId 1541|018eefc1-240b-7c07-8e7a-fcd510fb22d8"}
cnList Length  2
blkNum  0

Scope 1 (Magic: Merge, Receiver: [0]): [merge -> output]
  PreScopes: {
  Scope 1 (Magic: Normal, Receiver: []): [projection -> projection -> connect to MergeReceiver 0]
  DataSource: [],
}
len(s.RemoteReceivRegInfos)  0 0
cnList Length  2
blkNum  0

Scope 1 (Magic: MergeInsert, Receiver: [8, 9, 10, 11, 12, 13, 14, 15]): [merge -> merge block]
  PreScopes: {
  Scope 1 (Magic: Merge, Receiver: [0]): [merge -> projection -> projection -> pre insert -> insert -> connect to MergeReceiver 8]
    PreScopes: {
    Scope 1 (Magic: Normal, Receiver: []): [external -> dispatch to any of MergeReceiver [0, 1, 2, 3, 4, 5, 6, 7].]
    DataSource: [],
  }
  Scope 2 (Magic: Merge, Receiver: [1]): [merge -> projection -> projection -> pre insert -> insert -> connect to MergeReceiver 9]
  Scope 3 (Magic: Merge, Receiver: [2]): [merge -> projection -> projection -> pre insert -> insert -> connect to MergeReceiver 10]
  Scope 4 (Magic: Merge, Receiver: [3]): [merge -> projection -> projection -> pre insert -> insert -> connect to MergeReceiver 11]
  Scope 5 (Magic: Merge, Receiver: [4]): [merge -> projection -> projection -> pre insert -> insert -> connect to MergeReceiver 12]
  Scope 6 (Magic: Merge, Receiver: [5]): [merge -> projection -> projection -> pre insert -> insert -> connect to MergeReceiver 13]
  Scope 7 (Magic: Merge, Receiver: [6]): [merge -> projection -> projection -> pre insert -> insert -> connect to MergeReceiver 14]
  Scope 8 (Magic: Merge, Receiver: [7]): [merge -> projection -> projection -> pre insert -> insert -> connect to MergeReceiver 15]
}
len(s.RemoteReceivRegInfos)  0 13
len(s.RemoteReceivRegInfos)  0 0
len(s.RemoteReceivRegInfos)  0 0
len(s.RemoteReceivRegInfos)  0 0
len(s.RemoteReceivRegInfos)  0 0
len(s.RemoteReceivRegInfos)  0 0
len(s.RemoteReceivRegInfos)  0 0
dispatch Prepare  8 0
len(s.RemoteReceivRegInfos)  0 0
len(s.RemoteReceivRegInfos)  0 0
cnList Length  2
blkNum  0

Scope 1 (Magic: MergeInsert, Receiver: [8, 9, 10, 11, 12, 13, 14, 15]): [merge -> merge block]
  PreScopes: {
  Scope 1 (Magic: Merge, Receiver: [0]): [merge -> projection -> projection -> pre insert -> insert -> connect to MergeReceiver 8]
    PreScopes: {
    Scope 1 (Magic: Normal, Receiver: []): [external -> dispatch to any of MergeReceiver [0, 1, 2, 3, 4, 5, 6, 7].]
    DataSource: [],
  }
  Scope 2 (Magic: Merge, Receiver: [1]): [merge -> projection -> projection -> pre insert -> insert -> connect to MergeReceiver 9]
  Scope 3 (Magic: Merge, Receiver: [2]): [merge -> projection -> projection -> pre insert -> insert -> connect to MergeReceiver 10]
  Scope 4 (Magic: Merge, Receiver: [3]): [merge -> projection -> projection -> pre insert -> insert -> connect to MergeReceiver 11]
  Scope 5 (Magic: Merge, Receiver: [4]): [merge -> projection -> projection -> pre insert -> insert -> connect to MergeReceiver 12]
  Scope 6 (Magic: Merge, Receiver: [5]): [merge -> projection -> projection -> pre insert -> insert -> connect to MergeReceiver 13]
  Scope 7 (Magic: Merge, Receiver: [6]): [merge -> projection -> projection -> pre insert -> insert -> connect to MergeReceiver 14]
  Scope 8 (Magic: Merge, Receiver: [7]): [merge -> projection -> projection -> pre insert -> insert -> connect to MergeReceiver 15]
}
len(s.RemoteReceivRegInfos)  0 13
len(s.RemoteReceivRegInfos)  0 0
len(s.RemoteReceivRegInfos)  0 0
len(s.RemoteReceivRegInfos)  0 0
len(s.RemoteReceivRegInfos)  0 0
len(s.RemoteReceivRegInfos)  0 0
len(s.RemoteReceivRegInfos)  0 0
dispatch Prepare  8 0
len(s.RemoteReceivRegInfos)  0 0
len(s.RemoteReceivRegInfos)  0 0
{"level":"INFO","time":"2024/04/18 05:49:58.444827 +0000","caller":"blockio/pipeline.go:495","msg":"SelectivityStats: BLK[0/0=0.0000] COL[0/0=0.0000] RDF[0/0=0.0000,0/0=0.0000]RDD[0s/0s/0s/0]"}
cnList Length  2
{"level":"WARN","time":"2024/04/18 05:50:01.206829 +0000","name":"cn-service.morpc","caller":"morpc/backend.go:457","msg":"system is busy, write loop schedule interval is too large","uuid":"65663033-3033-3636-3633-663135383231","interval":"5.085947691s","last-ping-trigger-time":"0001/01/01 00:00:00.000000 +0000","ping-interval":"24s"}
blkNum  0

Scope 1 (Magic: MergeInsert, Receiver: [8, 9, 10, 11, 12, 13, 14, 15]): [merge -> merge block]
  PreScopes: {
  Scope 1 (Magic: Merge, Receiver: [0]): [merge -> projection -> projection -> pre insert -> insert -> connect to MergeReceiver 8]
    PreScopes: {
    Scope 1 (Magic: Normal, Receiver: []): [external -> dispatch to any of MergeReceiver [0, 1, 2, 3, 4, 5, 6, 7].]
    DataSource: [],
  }
  Scope 2 (Magic: Merge, Receiver: [1]): [merge -> projection -> projection -> pre insert -> insert -> connect to MergeReceiver 9]
  Scope 3 (Magic: Merge, Receiver: [2]): [merge -> projection -> projection -> pre insert -> insert -> connect to MergeReceiver 10]
  Scope 4 (Magic: Merge, Receiver: [3]): [merge -> projection -> projection -> pre insert -> insert -> connect to MergeReceiver 11]
  Scope 5 (Magic: Merge, Receiver: [4]): [merge -> projection -> projection -> pre insert -> insert -> connect to MergeReceiver 12]
  Scope 6 (Magic: Merge, Receiver: [5]): [merge -> projection -> projection -> pre insert -> insert -> connect to MergeReceiver 13]
  Scope 7 (Magic: Merge, Receiver: [6]): [merge -> projection -> projection -> pre insert -> insert -> connect to MergeReceiver 14]
  Scope 8 (Magic: Merge, Receiver: [7]): [merge -> projection -> projection -> pre insert -> insert -> connect to MergeReceiver 15]
}
len(s.RemoteReceivRegInfos)  0 13
len(s.RemoteReceivRegInfos)  0 0
len(s.RemoteReceivRegInfos)  0 0
dispatch Prepare  8 0
len(s.RemoteReceivRegInfos)  0 0
len(s.RemoteReceivRegInfos)  0 0
len(s.RemoteReceivRegInfos)  0 0
len(s.RemoteReceivRegInfos)  0 0
len(s.RemoteReceivRegInfos)  0 0
len(s.RemoteReceivRegInfos)  0 0
cnList Length  2
blkNum  0

Scope 1 (Magic: MergeInsert, Receiver: [8, 9, 10, 11, 12, 13, 14, 15]): [merge -> merge block]
  PreScopes: {
  Scope 1 (Magic: Merge, Receiver: [0]): [merge -> projection -> projection -> pre insert -> insert -> connect to MergeReceiver 8]
    PreScopes: {
    Scope 1 (Magic: Normal, Receiver: []): [external -> dispatch to any of MergeReceiver [0, 1, 2, 3, 4, 5, 6, 7].]
    DataSource: [],
  }
  Scope 2 (Magic: Merge, Receiver: [1]): [merge -> projection -> projection -> pre insert -> insert -> connect to MergeReceiver 9]
  Scope 3 (Magic: Merge, Receiver: [2]): [merge -> projection -> projection -> pre insert -> insert -> connect to MergeReceiver 10]
  Scope 4 (Magic: Merge, Receiver: [3]): [merge -> projection -> projection -> pre insert -> insert -> connect to MergeReceiver 11]
  Scope 5 (Magic: Merge, Receiver: [4]): [merge -> projection -> projection -> pre insert -> insert -> connect to MergeReceiver 12]
  Scope 6 (Magic: Merge, Receiver: [5]): [merge -> projection -> projection -> pre insert -> insert -> connect to MergeReceiver 13]
  Scope 7 (Magic: Merge, Receiver: [6]): [merge -> projection -> projection -> pre insert -> insert -> connect to MergeReceiver 14]
  Scope 8 (Magic: Merge, Receiver: [7]): [merge -> projection -> projection -> pre insert -> insert -> connect to MergeReceiver 15]
}
len(s.RemoteReceivRegInfos)  0 13
len(s.RemoteReceivRegInfos)  0 0
len(s.RemoteReceivRegInfos)  0 0
len(s.RemoteReceivRegInfos)  0 0
len(s.RemoteReceivRegInfos)  0 0
len(s.RemoteReceivRegInfos)  0 0
len(s.RemoteReceivRegInfos)  0 0
len(s.RemoteReceivRegInfos)  0 0
len(s.RemoteReceivRegInfos)  0 0
dispatch Prepare  8 0
cnList Length  2
blkNum  0

Scope 1 (Magic: Merge, Receiver: [0]): [merge -> output]
  PreScopes: {
  Scope 1 (Magic: Normal, Receiver: []): [projection -> projection -> connect to MergeReceiver 0]
  DataSource: [],
}
len(s.RemoteReceivRegInfos)  0 0
cnList Length  2
blkNum  1
Node_TableScan  1

Scope 1 (Magic: Merge, Receiver: [1]): [merge -> output]
  PreScopes: {
  Scope 1 (Magic: Merge, Receiver: [0]): [merge top -> projection -> projection -> connect to MergeReceiver 1]
    PreScopes: {
    Scope 1 (Magic: Remote, Receiver: []): [restrict -> projection -> top -> connect to MergeReceiver 0]
    DataSource: mo_task.sys_async_task[task_id task_metadata_id task_metadata_executor task_metadata_context task_metadata_option task_parent_id task_status task_runner task_epoch last_heartbeat result_code error_msg create_at end_at],
  }
}
len(s.RemoteReceivRegInfos)  0 0
len(s.RemoteReceivRegInfos)  0 0
Table Scan Prepare
Table Scan Free
cnList Length  2
blkNum  0

Scope 1 (Magic: Merge, Receiver: [0]): [merge -> output]
  PreScopes: {
  Scope 1 (Magic: Normal, Receiver: []): [projection -> projection -> connect to MergeReceiver 0]
  DataSource: [],
}
len(s.RemoteReceivRegInfos)  0 0
cnList Length  2
blkNum  1
Node_TableScan  1

Scope 1 (Magic: Merge, Receiver: [1]): [merge -> output]
  PreScopes: {
  Scope 1 (Magic: Merge, Receiver: [0]): [merge order -> projection -> projection -> connect to MergeReceiver 1]
    PreScopes: {
    Scope 1 (Magic: Remote, Receiver: []): [restrict -> projection -> order -> connect to MergeReceiver 0]
    DataSource: mo_task.sys_daemon_task[task_id task_metadata_id task_metadata_executor task_metadata_context task_metadata_option account_id account task_type task_runner task_status last_heartbeat create_at update_at end_at last_run details],
  }
}
len(s.RemoteReceivRegInfos)  0 0
len(s.RemoteReceivRegInfos)  0 0
Table Scan Prepare
Table Scan Free
cnList Length  2
blkNum  0

Scope 1 (Magic: Merge, Receiver: [0]): [merge -> output]
  PreScopes: {
  Scope 1 (Magic: Normal, Receiver: []): [projection -> projection -> connect to MergeReceiver 0]
  DataSource: [],
}
len(s.RemoteReceivRegInfos)  0 0
cnList Length  2
blkNum  1
Node_TableScan  1

Scope 1 (Magic: Merge, Receiver: [1]): [merge -> output]
  PreScopes: {
  Scope 1 (Magic: Merge, Receiver: [0]): [merge order -> projection -> projection -> connect to MergeReceiver 1]
    PreScopes: {
    Scope 1 (Magic: Remote, Receiver: []): [restrict -> projection -> order -> connect to MergeReceiver 0]
    DataSource: mo_task.sys_daemon_task[task_id task_metadata_id task_metadata_executor task_metadata_context task_metadata_option account_id account task_type task_runner task_status last_heartbeat create_at update_at end_at last_run details],
  }
}
len(s.RemoteReceivRegInfos)  0 0
len(s.RemoteReceivRegInfos)  0 0
Table Scan Prepare
Table Scan Free
cnList Length  2
blkNum  0

Scope 1 (Magic: Merge, Receiver: [0]): [merge -> output]
  PreScopes: {
  Scope 1 (Magic: Normal, Receiver: []): [projection -> projection -> connect to MergeReceiver 0]
  DataSource: [],
}
len(s.RemoteReceivRegInfos)  0 0
cnList Length  2
blkNum  1
Node_TableScan  1

Scope 1 (Magic: Merge, Receiver: [1]): [merge -> output]
  PreScopes: {
  Scope 1 (Magic: Merge, Receiver: [0]): [merge order -> projection -> projection -> connect to MergeReceiver 1]
    PreScopes: {
    Scope 1 (Magic: Remote, Receiver: []): [restrict -> projection -> order -> connect to MergeReceiver 0]
    DataSource: mo_task.sys_daemon_task[task_id task_metadata_id task_metadata_executor task_metadata_context task_metadata_option account_id account task_type task_runner task_status last_heartbeat create_at update_at end_at last_run details],
  }
}
len(s.RemoteReceivRegInfos)  0 0
len(s.RemoteReceivRegInfos)  0 0
Table Scan Prepare
Table Scan Free
cnList Length  2
blkNum  0

Scope 1 (Magic: Merge, Receiver: [0]): [merge -> output]
  PreScopes: {
  Scope 1 (Magic: Normal, Receiver: []): [projection -> projection -> connect to MergeReceiver 0]
  DataSource: [],
}
len(s.RemoteReceivRegInfos)  0 0
cnList Length  2
blkNum  1
Node_TableScan  1

Scope 1 (Magic: Merge, Receiver: [1]): [merge -> output]
  PreScopes: {
  Scope 1 (Magic: Merge, Receiver: [0]): [merge order -> projection -> projection -> connect to MergeReceiver 1]
    PreScopes: {
    Scope 1 (Magic: Remote, Receiver: []): [restrict -> projection -> order -> connect to MergeReceiver 0]
    DataSource: mo_task.sys_daemon_task[task_id task_metadata_id task_metadata_executor task_metadata_context task_metadata_option account_id account task_type task_runner task_status last_heartbeat create_at update_at end_at last_run details],
  }
}
len(s.RemoteReceivRegInfos)  0 0
len(s.RemoteReceivRegInfos)  0 0
Table Scan Prepare
Table Scan Free
cnList Length  2
blkNum  0

Scope 1 (Magic: Merge, Receiver: [0]): [merge -> output]
  PreScopes: {
  Scope 1 (Magic: Normal, Receiver: []): [projection -> projection -> connect to MergeReceiver 0]
  DataSource: [],
}
len(s.RemoteReceivRegInfos)  0 0
cnList Length  2
blkNum  1
Node_TableScan  1

Scope 1 (Magic: Merge, Receiver: [1]): [merge -> output]
  PreScopes: {
  Scope 1 (Magic: Merge, Receiver: [0]): [merge order -> projection -> projection -> connect to MergeReceiver 1]
    PreScopes: {
    Scope 1 (Magic: Remote, Receiver: []): [restrict -> projection -> order -> connect to MergeReceiver 0]
    DataSource: mo_task.sys_daemon_task[task_id task_metadata_id task_metadata_executor task_metadata_context task_metadata_option account_id account task_type task_runner task_status last_heartbeat create_at update_at end_at last_run details],
  }
}
len(s.RemoteReceivRegInfos)  0 0
len(s.RemoteReceivRegInfos)  0 0
Table Scan Prepare
Table Scan Free
cnList Length  2
blkNum  0

Scope 1 (Magic: Merge, Receiver: [0]): [merge -> output]
  PreScopes: {
  Scope 1 (Magic: Normal, Receiver: []): [projection -> projection -> connect to MergeReceiver 0]
  DataSource: [],
}
len(s.RemoteReceivRegInfos)  0 0
cnList Length  2
blkNum  1
Node_TableScan  1

Scope 1 (Magic: Merge, Receiver: [1]): [merge -> output]
  PreScopes: {
  Scope 1 (Magic: Merge, Receiver: [0]): [merge order -> projection -> projection -> connect to MergeReceiver 1]
    PreScopes: {
    Scope 1 (Magic: Remote, Receiver: []): [restrict -> projection -> order -> connect to MergeReceiver 0]
    DataSource: mo_task.sys_daemon_task[task_id task_metadata_id task_metadata_executor task_metadata_context task_metadata_option account_id account task_type task_runner task_status last_heartbeat create_at update_at end_at last_run details],
  }
}
len(s.RemoteReceivRegInfos)  0 0
len(s.RemoteReceivRegInfos)  0 0
Table Scan Prepare
Table Scan Free
cnList Length  2
blkNum  0

Scope 1 (Magic: Merge, Receiver: [0]): [merge -> output]
  PreScopes: {
  Scope 1 (Magic: Normal, Receiver: []): [projection -> projection -> connect to MergeReceiver 0]
  DataSource: [],
}
len(s.RemoteReceivRegInfos)  0 0
cnList Length  2
blkNum  1
Node_TableScan  1

Scope 1 (Magic: Merge, Receiver: [1]): [merge -> output]
  PreScopes: {
  Scope 1 (Magic: Merge, Receiver: [0]): [merge order -> projection -> projection -> connect to MergeReceiver 1]
    PreScopes: {
    Scope 1 (Magic: Remote, Receiver: []): [restrict -> projection -> order -> connect to MergeReceiver 0]
    DataSource: mo_task.sys_daemon_task[task_id task_metadata_id task_metadata_executor task_metadata_context task_metadata_option account_id account task_type task_runner task_status last_heartbeat create_at update_at end_at last_run details],
  }
}
len(s.RemoteReceivRegInfos)  0 0
len(s.RemoteReceivRegInfos)  0 0
Table Scan Prepare
Table Scan Free
cnList Length  2
blkNum  0

Scope 1 (Magic: MergeInsert, Receiver: [8, 9, 10, 11, 12, 13, 14, 15]): [merge -> merge block]
  PreScopes: {
  Scope 1 (Magic: Merge, Receiver: [0]): [merge -> projection -> projection -> pre insert -> insert -> connect to MergeReceiver 8]
    PreScopes: {
    Scope 1 (Magic: Normal, Receiver: []): [external -> dispatch to any of MergeReceiver [0, 1, 2, 3, 4, 5, 6, 7].]
    DataSource: [],
  }
  Scope 2 (Magic: Merge, Receiver: [1]): [merge -> projection -> projection -> pre insert -> insert -> connect to MergeReceiver 9]
  Scope 3 (Magic: Merge, Receiver: [2]): [merge -> projection -> projection -> pre insert -> insert -> connect to MergeReceiver 10]
  Scope 4 (Magic: Merge, Receiver: [3]): [merge -> projection -> projection -> pre insert -> insert -> connect to MergeReceiver 11]
  Scope 5 (Magic: Merge, Receiver: [4]): [merge -> projection -> projection -> pre insert -> insert -> connect to MergeReceiver 12]
  Scope 6 (Magic: Merge, Receiver: [5]): [merge -> projection -> projection -> pre insert -> insert -> connect to MergeReceiver 13]
  Scope 7 (Magic: Merge, Receiver: [6]): [merge -> projection -> projection -> pre insert -> insert -> connect to MergeReceiver 14]
  Scope 8 (Magic: Merge, Receiver: [7]): [merge -> projection -> projection -> pre insert -> insert -> connect to MergeReceiver 15]
}
len(s.RemoteReceivRegInfos)  0 13
len(s.RemoteReceivRegInfos)  0 0
len(s.RemoteReceivRegInfos)  0 0
len(s.RemoteReceivRegInfos)  0 0
len(s.RemoteReceivRegInfos)  0 0
len(s.RemoteReceivRegInfos)  0 0
len(s.RemoteReceivRegInfos)  0 0
len(s.RemoteReceivRegInfos)  0 0
len(s.RemoteReceivRegInfos)  0 0
dispatch Prepare  8 0
cnList Length  2
blkNum  0

Scope 1 (Magic: MergeInsert, Receiver: [8, 9, 10, 11, 12, 13, 14, 15]): [merge -> merge block]
  PreScopes: {
  Scope 1 (Magic: Merge, Receiver: [0]): [merge -> projection -> projection -> pre insert -> insert -> connect to MergeReceiver 8]
    PreScopes: {
    Scope 1 (Magic: Normal, Receiver: []): [external -> dispatch to any of MergeReceiver [0, 1, 2, 3, 4, 5, 6, 7].]
    DataSource: [],
  }
  Scope 2 (Magic: Merge, Receiver: [1]): [merge -> projection -> projection -> pre insert -> insert -> connect to MergeReceiver 9]
  Scope 3 (Magic: Merge, Receiver: [2]): [merge -> projection -> projection -> pre insert -> insert -> connect to MergeReceiver 10]
  Scope 4 (Magic: Merge, Receiver: [3]): [merge -> projection -> projection -> pre insert -> insert -> connect to MergeReceiver 11]
  Scope 5 (Magic: Merge, Receiver: [4]): [merge -> projection -> projection -> pre insert -> insert -> connect to MergeReceiver 12]
  Scope 6 (Magic: Merge, Receiver: [5]): [merge -> projection -> projection -> pre insert -> insert -> connect to MergeReceiver 13]
  Scope 7 (Magic: Merge, Receiver: [6]): [merge -> projection -> projection -> pre insert -> insert -> connect to MergeReceiver 14]
  Scope 8 (Magic: Merge, Receiver: [7]): [merge -> projection -> projection -> pre insert -> insert -> connect to MergeReceiver 15]
}
len(s.RemoteReceivRegInfos)  0 13
len(s.RemoteReceivRegInfos)  0 0
len(s.RemoteReceivRegInfos)  0 0
len(s.RemoteReceivRegInfos)  0 0
len(s.RemoteReceivRegInfos)  0 0
len(s.RemoteReceivRegInfos)  0 0
len(s.RemoteReceivRegInfos)  0 0
len(s.RemoteReceivRegInfos)  0 0
len(s.RemoteReceivRegInfos)  0 0
dispatch Prepare  8 0
cnList Length  2
blkNum  0

Scope 1 (Magic: MergeInsert, Receiver: [8, 9, 10, 11, 12, 13, 14, 15]): [merge -> merge block]
  PreScopes: {
  Scope 1 (Magic: Merge, Receiver: [0]): [merge -> projection -> projection -> pre insert -> insert -> connect to MergeReceiver 8]
    PreScopes: {
    Scope 1 (Magic: Normal, Receiver: []): [external -> dispatch to any of MergeReceiver [0, 1, 2, 3, 4, 5, 6, 7].]
    DataSource: [],
  }
  Scope 2 (Magic: Merge, Receiver: [1]): [merge -> projection -> projection -> pre insert -> insert -> connect to MergeReceiver 9]
  Scope 3 (Magic: Merge, Receiver: [2]): [merge -> projection -> projection -> pre insert -> insert -> connect to MergeReceiver 10]
  Scope 4 (Magic: Merge, Receiver: [3]): [merge -> projection -> projection -> pre insert -> insert -> connect to MergeReceiver 11]
  Scope 5 (Magic: Merge, Receiver: [4]): [merge -> projection -> projection -> pre insert -> insert -> connect to MergeReceiver 12]
  Scope 6 (Magic: Merge, Receiver: [5]): [merge -> projection -> projection -> pre insert -> insert -> connect to MergeReceiver 13]
  Scope 7 (Magic: Merge, Receiver: [6]): [merge -> projection -> projection -> pre insert -> insert -> connect to MergeReceiver 14]
  Scope 8 (Magic: Merge, Receiver: [7]): [merge -> projection -> projection -> pre insert -> insert -> connect to MergeReceiver 15]
}
len(s.RemoteReceivRegInfos)  0 13
len(s.RemoteReceivRegInfos)  0 0
len(s.RemoteReceivRegInfos)  0 0
len(s.RemoteReceivRegInfos)  0 0
len(s.RemoteReceivRegInfos)  0 0
len(s.RemoteReceivRegInfos)  0 0
len(s.RemoteReceivRegInfos)  0 0
len(s.RemoteReceivRegInfos)  0 0
dispatch Prepare  8 0
len(s.RemoteReceivRegInfos)  0 0
cnList Length  2
blkNum  0

Scope 1 (Magic: MergeInsert, Receiver: [8, 9, 10, 11, 12, 13, 14, 15]): [merge -> merge block]
  PreScopes: {
  Scope 1 (Magic: Merge, Receiver: [0]): [merge -> projection -> projection -> pre insert -> insert -> connect to MergeReceiver 8]
    PreScopes: {
    Scope 1 (Magic: Normal, Receiver: []): [external -> dispatch to any of MergeReceiver [0, 1, 2, 3, 4, 5, 6, 7].]
    DataSource: [],
  }
  Scope 2 (Magic: Merge, Receiver: [1]): [merge -> projection -> projection -> pre insert -> insert -> connect to MergeReceiver 9]
  Scope 3 (Magic: Merge, Receiver: [2]): [merge -> projection -> projection -> pre insert -> insert -> connect to MergeReceiver 10]
  Scope 4 (Magic: Merge, Receiver: [3]): [merge -> projection -> projection -> pre insert -> insert -> connect to MergeReceiver 11]
  Scope 5 (Magic: Merge, Receiver: [4]): [merge -> projection -> projection -> pre insert -> insert -> connect to MergeReceiver 12]
  Scope 6 (Magic: Merge, Receiver: [5]): [merge -> projection -> projection -> pre insert -> insert -> connect to MergeReceiver 13]
  Scope 7 (Magic: Merge, Receiver: [6]): [merge -> projection -> projection -> pre insert -> insert -> connect to MergeReceiver 14]
  Scope 8 (Magic: Merge, Receiver: [7]): [merge -> projection -> projection -> pre insert -> insert -> connect to MergeReceiver 15]
}
len(s.RemoteReceivRegInfos)  0 13
len(s.RemoteReceivRegInfos)  0 0
len(s.RemoteReceivRegInfos)  0 0
len(s.RemoteReceivRegInfos)  0 0
len(s.RemoteReceivRegInfos)  0 0
len(s.RemoteReceivRegInfos)  0 0
len(s.RemoteReceivRegInfos)  0 0
dispatch Prepare  8 0
len(s.RemoteReceivRegInfos)  0 0
len(s.RemoteReceivRegInfos)  0 0
cnList Length  2
blkNum  0

Scope 1 (Magic: MergeInsert, Receiver: [8, 9, 10, 11, 12, 13, 14, 15]): [merge -> merge block]
  PreScopes: {
  Scope 1 (Magic: Merge, Receiver: [0]): [merge -> projection -> projection -> pre insert -> insert -> connect to MergeReceiver 8]
    PreScopes: {
    Scope 1 (Magic: Normal, Receiver: []): [external -> dispatch to any of MergeReceiver [0, 1, 2, 3, 4, 5, 6, 7].]
    DataSource: [],
  }
  Scope 2 (Magic: Merge, Receiver: [1]): [merge -> projection -> projection -> pre insert -> insert -> connect to MergeReceiver 9]
  Scope 3 (Magic: Merge, Receiver: [2]): [merge -> projection -> projection -> pre insert -> insert -> connect to MergeReceiver 10]
  Scope 4 (Magic: Merge, Receiver: [3]): [merge -> projection -> projection -> pre insert -> insert -> connect to MergeReceiver 11]
  Scope 5 (Magic: Merge, Receiver: [4]): [merge -> projection -> projection -> pre insert -> insert -> connect to MergeReceiver 12]
  Scope 6 (Magic: Merge, Receiver: [5]): [merge -> projection -> projection -> pre insert -> insert -> connect to MergeReceiver 13]
  Scope 7 (Magic: Merge, Receiver: [6]): [merge -> projection -> projection -> pre insert -> insert -> connect to MergeReceiver 14]
  Scope 8 (Magic: Merge, Receiver: [7]): [merge -> projection -> projection -> pre insert -> insert -> connect to MergeReceiver 15]
}
len(s.RemoteReceivRegInfos)  0 13
len(s.RemoteReceivRegInfos)  0 0
len(s.RemoteReceivRegInfos)  0 0
len(s.RemoteReceivRegInfos)  0 0
len(s.RemoteReceivRegInfos)  0 0
len(s.RemoteReceivRegInfos)  0 0
dispatch Prepare  8 0
len(s.RemoteReceivRegInfos)  0 0
len(s.RemoteReceivRegInfos)  0 0
len(s.RemoteReceivRegInfos)  0 0
cnList Length  2
blkNum  1
Node_TableScan  1

Scope 1 (Magic: Merge, Receiver: [1]): [merge -> output]
  PreScopes: {
  Scope 1 (Magic: Merge, Receiver: [0]): [merge order -> projection -> projection -> connect to MergeReceiver 1]
    PreScopes: {
    Scope 1 (Magic: Remote, Receiver: []): [restrict -> projection -> order -> connect to MergeReceiver 0]
    DataSource: mo_catalog.mo_account[account_id account_name status version suspended_time],
  }
}
len(s.RemoteReceivRegInfos)  0 0
len(s.RemoteReceivRegInfos)  0 0
Table Scan Prepare
Table Scan Free
cnList Length  2
blkNum  1
Node_TableScan  1

Scope 1 (Magic: Merge, Receiver: [1]): [merge -> output]
  PreScopes: {
  Scope 1 (Magic: Merge, Receiver: [0]): [merge order -> projection -> projection -> connect to MergeReceiver 1]
    PreScopes: {
    Scope 1 (Magic: Remote, Receiver: []): [restrict -> projection -> order -> connect to MergeReceiver 0]
    DataSource: mo_catalog.mo_user[user_id user_name authentication_string default_role],
  }
}
len(s.RemoteReceivRegInfos)  0 0
len(s.RemoteReceivRegInfos)  0 0
Table Scan Prepare
Table Scan Free
cnList Length  2
blkNum  1
Node_TableScan  1

Scope 1 (Magic: Merge, Receiver: [0]): [merge -> output]
  PreScopes: {
  Scope 1 (Magic: Remote, Receiver: []): [restrict -> projection -> projection -> connect to MergeReceiver 0]
  DataSource: mo_catalog.mo_role[role_id role_name],
}
len(s.RemoteReceivRegInfos)  0 0
Table Scan Prepare
Table Scan Free
cnList Length  2
blkNum  1
Node_TableScan  1
!!!!! dispatch.SendToAllLocalFunc

Scope 1 (Magic: Merge, Receiver: [0]): [merge -> projection -> projection -> pre insert -> projection -> insert]
len(s.RemoteReceivRegInfos)  0 0

Scope 1 (Magic: Merge, Receiver: [0]): [merge -> dispatch to all of MergeReceiver [unknown, unknown].]
  PreScopes: {
  Scope 1 (Magic: Remote, Receiver: []): [restrict -> projection -> projection -> projection -> lockop -> connect to MergeReceiver 0]
  DataSource: mo_catalog.mo_mysql_compatibility_mode[configuration_id account_id account_name dat_name variable_name variable_value system_variables __mo_rowid],
}

Scope 1 (Magic: Merge, Receiver: [1]): [merge -> delete]
  PreScopes: {
  Scope 1 (Magic: Merge, Receiver: [0]): [merge -> projection -> connect to MergeReceiver 1]
}
len(s.RemoteReceivRegInfos)  0 0
dispatch Prepare  2 0
len(s.RemoteReceivRegInfos)  0 0
len(s.RemoteReceivRegInfos)  0 0
Table Scan Prepare
Table Scan Free
cnList Length  2
blkNum  1
Node_TableScan  1

Scope 1 (Magic: Merge, Receiver: [0]): [merge -> output]
  PreScopes: {
  Scope 1 (Magic: Remote, Receiver: []): [restrict -> projection -> projection -> connect to MergeReceiver 0]
  DataSource: mo_catalog.mo_mysql_compatibility_mode[account_id variable_name variable_value system_variables],
}
len(s.RemoteReceivRegInfos)  0 0
Table Scan Prepare
Table Scan Free
{"level":"INFO","time":"2024/04/18 05:50:03.502780 +0000","name":"cn-service.frontend","caller":"frontend/session.go:1837","msg":"{account sys:dump:moadmin -- 0:1:0}","uuid":"65663033-3033-3636-3633-663135383231","session_info":"connectionId 121|10.144.0.12:13419|{account sys:dump: -- 0:0:0}|goRoutineId 1631|018eefc1-40e6-74a8-9c8e-31b7da875c0d","session_id":"018eefc1-40e6-74a8-9c8e-31b7da875c0d"}
cnList Length  2
blkNum  1
Node_TableScan  1
!!!!! dispatch.SendToAllLocalFunc

Scope 1 (Magic: Merge, Receiver: [0]): [merge -> projection -> projection -> pre insert -> projection -> insert]
len(s.RemoteReceivRegInfos)  0 0

Scope 1 (Magic: Merge, Receiver: [0]): [merge -> dispatch to all of MergeReceiver [unknown, unknown].]
  PreScopes: {
  Scope 1 (Magic: Remote, Receiver: []): [restrict -> projection -> projection -> projection -> lockop -> connect to MergeReceiver 0]
  DataSource: mo_catalog.mo_mysql_compatibility_mode[configuration_id account_id account_name dat_name variable_name variable_value system_variables __mo_rowid],
}
len(s.RemoteReceivRegInfos)  0 0
dispatch Prepare  2 0

Scope 1 (Magic: Merge, Receiver: [1]): [merge -> delete]
  PreScopes: {
  Scope 1 (Magic: Merge, Receiver: [0]): [merge -> projection -> connect to MergeReceiver 1]
}
len(s.RemoteReceivRegInfos)  0 0
Table Scan Prepare
len(s.RemoteReceivRegInfos)  0 0
Table Scan Free
cnList Length  2
blkNum  1
Node_TableScan  1

Scope 1 (Magic: Merge, Receiver: [0]): [merge -> output]
  PreScopes: {
  Scope 1 (Magic: Remote, Receiver: []): [restrict -> projection -> projection -> connect to MergeReceiver 0]
  DataSource: mo_catalog.mo_mysql_compatibility_mode[account_id variable_name variable_value system_variables],
}
len(s.RemoteReceivRegInfos)  0 0
Table Scan Prepare
Table Scan Free
{"level":"INFO","time":"2024/04/18 05:50:03.508647 +0000","name":"cn-service.frontend","caller":"frontend/routine_manager.go:507","msg":"mo accept connection, time cost of Created: 95.078µs, Establish: 13.653841ms, UpgradeTLS: 0s, Authenticate: 13.648571ms, SendErrPacket: 0s, SendOKPacket: 21.53µs, CheckTenant: 562.237µs, CheckUser: 439.276µs, CheckRole: 421.522µs, CheckDbName: 0s, InitGlobalSysVar: 5.793938ms","uuid":"65663033-3033-3636-3633-663135383231","session_info":"connectionId 121|10.144.0.12:13419|{account sys:dump: -- 0:0:0}|goRoutineId 1631|018eefc1-40e6-74a8-9c8e-31b7da875c0d"}
{"level":"INFO","time":"2024/04/18 05:50:03.509473 +0000","name":"cn-service.frontend","caller":"frontend/routine.go:274","msg":"mo received first request","uuid":"65663033-3033-3636-3633-663135383231","session_info":"connectionId 121|10.144.0.12:13419|{account sys:dump:moadmin -- 0:1:0}|goRoutineId 1631|018eefc1-40e6-74a8-9c8e-31b7da875c0d"}
{"level":"ERROR","time":"2024/04/18 05:50:03.509570 +0000","caller":"frontend/routine_manager.go:363","msg":"error: internal error: Unknown connection id 35","span":{"trace_id":"cf8d2746-3f65-d78c-bc32-1e5508bdd5a3","span_id":"99b5123ea6a772d3"}}
{"level":"ERROR","time":"2024/04/18 05:50:03.509607 +0000","name":"cn-service.frontend","caller":"frontend/mysql_cmd_executor.go:3281","msg":"internal error: Unknown connection id 35","uuid":"65663033-3033-3636-3633-663135383231","session_info":"connectionId 121|10.144.0.12:13419|{account sys:dump:moadmin -- 0:1:0}|goRoutineId 1631|018eefc1-40e6-74a8-9c8e-31b7da875c0d","session_id":"018eefc1-40e6-74a8-9c8e-31b7da875c0d","statement_id":"018eefc1-40f5-7272-a868-688cab6224c1"}
{"level":"ERROR","time":"2024/04/18 05:50:03.509631 +0000","name":"cn-service.frontend","caller":"frontend/util.go:514","msg":"query trace status","uuid":"65663033-3033-3636-3633-663135383231","connection_id":121,"statement":"KILL QUERY 35","status":"fail","error":"internal error: Unknown connection id 35","span":{"trace_id":"cf8d2746-3f65-d78c-bc32-1e5508bdd5a3","span_id":"99b5123ea6a772d3"},"session_info":"connectionId 121|10.144.0.12:13419|{account sys:dump:moadmin -- 0:1:0}|goRoutineId 1631|018eefc1-40e6-74a8-9c8e-31b7da875c0d","session_id":"018eefc1-40e6-74a8-9c8e-31b7da875c0d","statement_id":"018eefc1-40f5-7272-a868-688cab6224c1"}
{"level":"ERROR","time":"2024/04/18 05:50:03.510479 +0000","caller":"frontend/mysql_cmd_executor.go:4620","msg":"error: internal error: !!!COM_QUIT!!!","span":{"trace_id":"cf8d2746-3f65-d78c-bc32-1e5508bdd5a3","span_id":"e50e6e52538b5a50"}}
{"level":"ERROR","time":"2024/04/18 05:50:03.510505 +0000","name":"cn-service.frontend","caller":"frontend/routine.go:291","msg":"Failed to execute request","uuid":"65663033-3033-3636-3633-663135383231","error":"internal error: !!!COM_QUIT!!!","session_info":"connectionId 121|10.144.0.12:13419|{account sys:dump:moadmin -- 0:1:0}|goRoutineId 1631|018eefc1-40e6-74a8-9c8e-31b7da875c0d","session_id":"018eefc1-40e6-74a8-9c8e-31b7da875c0d"}
{"level":"ERROR","time":"2024/04/18 05:50:03.510521 +0000","name":"cn-service.frontend","caller":"frontend/routine_manager.go:534","msg":"Error occurred","uuid":"65663033-3033-3636-3633-663135383231","error":"internal error: !!!COM_QUIT!!!","session_info":"connectionId 121|10.144.0.12:13419|{account sys:dump:moadmin -- 0:1:0}|goRoutineId 1631|018eefc1-40e6-74a8-9c8e-31b7da875c0d","session_id":"018eefc1-40e6-74a8-9c8e-31b7da875c0d"}
{"level":"INFO","time":"2024/04/18 05:50:03.510568 +0000","caller":"frontend/routine.go:351","msg":"set query status on the connection 121"}
cnList Length  2
blkNum  0

Scope 1 (Magic: MergeInsert, Receiver: [8, 9, 10, 11, 12, 13, 14, 15]): [merge -> merge block]
  PreScopes: {
  Scope 1 (Magic: Merge, Receiver: [0]): [merge -> projection -> projection -> pre insert -> insert -> connect to MergeReceiver 8]
    PreScopes: {
    Scope 1 (Magic: Normal, Receiver: []): [external -> dispatch to any of MergeReceiver [0, 1, 2, 3, 4, 5, 6, 7].]
    DataSource: [],
  }
  Scope 2 (Magic: Merge, Receiver: [1]): [merge -> projection -> projection -> pre insert -> insert -> connect to MergeReceiver 9]
  Scope 3 (Magic: Merge, Receiver: [2]): [merge -> projection -> projection -> pre insert -> insert -> connect to MergeReceiver 10]
  Scope 4 (Magic: Merge, Receiver: [3]): [merge -> projection -> projection -> pre insert -> insert -> connect to MergeReceiver 11]
  Scope 5 (Magic: Merge, Receiver: [4]): [merge -> projection -> projection -> pre insert -> insert -> connect to MergeReceiver 12]
  Scope 6 (Magic: Merge, Receiver: [5]): [merge -> projection -> projection -> pre insert -> insert -> connect to MergeReceiver 13]
  Scope 7 (Magic: Merge, Receiver: [6]): [merge -> projection -> projection -> pre insert -> insert -> connect to MergeReceiver 14]
  Scope 8 (Magic: Merge, Receiver: [7]): [merge -> projection -> projection -> pre insert -> insert -> connect to MergeReceiver 15]
}
len(s.RemoteReceivRegInfos)  0 13
len(s.RemoteReceivRegInfos)  0 0
len(s.RemoteReceivRegInfos)  0 0
len(s.RemoteReceivRegInfos)  0 0
len(s.RemoteReceivRegInfos)  0 0
len(s.RemoteReceivRegInfos)  0 0
len(s.RemoteReceivRegInfos)  0 0
dispatch Prepare  8 0
len(s.RemoteReceivRegInfos)  0 0
len(s.RemoteReceivRegInfos)  0 0
{"level":"INFO","time":"2024/04/18 05:50:08.407951 +0000","name":"cn-service.StatsLog","caller":"mometric/stats_log_writer.go:91","msg":"fs:CN:65663033-3033-3636-3633-663135383231:SHARED","uuid":"65663033-3033-3636-3633-663135383231","FileService.S3.Head":1,"FileService.S3.Put":1}
{"level":"INFO","time":"2024/04/18 05:50:08.408004 +0000","name":"cn-service.StatsLog","caller":"mometric/stats_log_writer.go:91","msg":"fs:CN:65663033-3033-3636-3633-663135383231:ETL","uuid":"65663033-3033-3636-3633-663135383231","FileService.S3.Head":1,"FileService.S3.Put":1}
{"level":"INFO","time":"2024/04/18 05:50:08.408028 +0000","name":"cn-service.StatsLog","caller":"mometric/stats_log_writer.go:121","msg":"duration: 15000000000, blk hit rate: 0/0=1.0000, entry hit rate: 0/0=1.0000, (average) blks in each reader: 0/0=1.0000","uuid":"65663033-3033-3636-3633-663135383231"}
cnList Length  2
blkNum  0

Scope 1 (Magic: MergeInsert, Receiver: [8, 9, 10, 11, 12, 13, 14, 15]): [merge -> merge block]
  PreScopes: {
  Scope 1 (Magic: Merge, Receiver: [0]): [merge -> projection -> projection -> pre insert -> insert -> connect to MergeReceiver 8]
    PreScopes: {
    Scope 1 (Magic: Normal, Receiver: []): [external -> dispatch to any of MergeReceiver [0, 1, 2, 3, 4, 5, 6, 7].]
    DataSource: [],
  }
  Scope 2 (Magic: Merge, Receiver: [1]): [merge -> projection -> projection -> pre insert -> insert -> connect to MergeReceiver 9]
  Scope 3 (Magic: Merge, Receiver: [2]): [merge -> projection -> projection -> pre insert -> insert -> connect to MergeReceiver 10]
  Scope 4 (Magic: Merge, Receiver: [3]): [merge -> projection -> projection -> pre insert -> insert -> connect to MergeReceiver 11]
  Scope 5 (Magic: Merge, Receiver: [4]): [merge -> projection -> projection -> pre insert -> insert -> connect to MergeReceiver 12]
  Scope 6 (Magic: Merge, Receiver: [5]): [merge -> projection -> projection -> pre insert -> insert -> connect to MergeReceiver 13]
  Scope 7 (Magic: Merge, Receiver: [6]): [merge -> projection -> projection -> pre insert -> insert -> connect to MergeReceiver 14]
  Scope 8 (Magic: Merge, Receiver: [7]): [merge -> projection -> projection -> pre insert -> insert -> connect to MergeReceiver 15]
}
len(s.RemoteReceivRegInfos)  0 13
len(s.RemoteReceivRegInfos)  0 0
len(s.RemoteReceivRegInfos)  0 0
len(s.RemoteReceivRegInfos)  0 0
len(s.RemoteReceivRegInfos)  0 0
len(s.RemoteReceivRegInfos)  0 0
len(s.RemoteReceivRegInfos)  0 0
len(s.RemoteReceivRegInfos)  0 0
len(s.RemoteReceivRegInfos)  0 0
dispatch Prepare  8 0
cnList Length  2
blkNum  0

Scope 1 (Magic: MergeInsert, Receiver: [8, 9, 10, 11, 12, 13, 14, 15]): [merge -> merge block]
  PreScopes: {
  Scope 1 (Magic: Merge, Receiver: [0]): [merge -> projection -> projection -> pre insert -> insert -> connect to MergeReceiver 8]
    PreScopes: {
    Scope 1 (Magic: Normal, Receiver: []): [external -> dispatch to any of MergeReceiver [0, 1, 2, 3, 4, 5, 6, 7].]
    DataSource: [],
  }
  Scope 2 (Magic: Merge, Receiver: [1]): [merge -> projection -> projection -> pre insert -> insert -> connect to MergeReceiver 9]
  Scope 3 (Magic: Merge, Receiver: [2]): [merge -> projection -> projection -> pre insert -> insert -> connect to MergeReceiver 10]
  Scope 4 (Magic: Merge, Receiver: [3]): [merge -> projection -> projection -> pre insert -> insert -> connect to MergeReceiver 11]
  Scope 5 (Magic: Merge, Receiver: [4]): [merge -> projection -> projection -> pre insert -> insert -> connect to MergeReceiver 12]
  Scope 6 (Magic: Merge, Receiver: [5]): [merge -> projection -> projection -> pre insert -> insert -> connect to MergeReceiver 13]
  Scope 7 (Magic: Merge, Receiver: [6]): [merge -> projection -> projection -> pre insert -> insert -> connect to MergeReceiver 14]
  Scope 8 (Magic: Merge, Receiver: [7]): [merge -> projection -> projection -> pre insert -> insert -> connect to MergeReceiver 15]
}
len(s.RemoteReceivRegInfos)  0 13
len(s.RemoteReceivRegInfos)  0 0
len(s.RemoteReceivRegInfos)  0 0
len(s.RemoteReceivRegInfos)  0 0
len(s.RemoteReceivRegInfos)  0 0
len(s.RemoteReceivRegInfos)  0 0
len(s.RemoteReceivRegInfos)  0 0
len(s.RemoteReceivRegInfos)  0 0
len(s.RemoteReceivRegInfos)  0 0
dispatch Prepare  8 0
cnList Length  2
blkNum  0

Scope 1 (Magic: MergeInsert, Receiver: [8, 9, 10, 11, 12, 13, 14, 15]): [merge -> merge block]
  PreScopes: {
  Scope 1 (Magic: Merge, Receiver: [0]): [merge -> projection -> projection -> pre insert -> insert -> connect to MergeReceiver 8]
    PreScopes: {
    Scope 1 (Magic: Normal, Receiver: []): [external -> dispatch to any of MergeReceiver [0, 1, 2, 3, 4, 5, 6, 7].]
    DataSource: [],
  }
  Scope 2 (Magic: Merge, Receiver: [1]): [merge -> projection -> projection -> pre insert -> insert -> connect to MergeReceiver 9]
  Scope 3 (Magic: Merge, Receiver: [2]): [merge -> projection -> projection -> pre insert -> insert -> connect to MergeReceiver 10]
  Scope 4 (Magic: Merge, Receiver: [3]): [merge -> projection -> projection -> pre insert -> insert -> connect to MergeReceiver 11]
  Scope 5 (Magic: Merge, Receiver: [4]): [merge -> projection -> projection -> pre insert -> insert -> connect to MergeReceiver 12]
  Scope 6 (Magic: Merge, Receiver: [5]): [merge -> projection -> projection -> pre insert -> insert -> connect to MergeReceiver 13]
  Scope 7 (Magic: Merge, Receiver: [6]): [merge -> projection -> projection -> pre insert -> insert -> connect to MergeReceiver 14]
  Scope 8 (Magic: Merge, Receiver: [7]): [merge -> projection -> projection -> pre insert -> insert -> connect to MergeReceiver 15]
}
len(s.RemoteReceivRegInfos)  0 13
len(s.RemoteReceivRegInfos)  0 0
len(s.RemoteReceivRegInfos)  0 0
len(s.RemoteReceivRegInfos)  0 0
len(s.RemoteReceivRegInfos)  0 0
len(s.RemoteReceivRegInfos)  0 0
len(s.RemoteReceivRegInfos)  0 0
len(s.RemoteReceivRegInfos)  0 0
len(s.RemoteReceivRegInfos)  0 0
dispatch Prepare  8 0
{"level":"INFO","time":"2024/04/18 05:50:08.443891 +0000","caller":"blockio/pipeline.go:495","msg":"SelectivityStats: BLK[0/0=0.0000] COL[0/0=0.0000] RDF[0/0=0.0000,0/0=0.0000]RDD[0s/0s/0s/0]"}
